Log file open, 10/13/17 11:53:03
LogWindows: Failed to load 'aqProf.dll' (GetLastError=126)
LogWindows: File 'aqProf.dll' does not exist
LogWindows: Failed to load 'VSPerf140.dll' (GetLastError=126)
LogWindows: File 'VSPerf140.dll' does not exist
LogWindows: Failed to load 'VtuneApi.dll' (GetLastError=126)
LogWindows: File 'VtuneApi.dll' does not exist
LogWindows: Failed to load 'VtuneApi32e.dll' (GetLastError=126)
LogWindows: File 'VtuneApi32e.dll' does not exist
LogInit: Display: Running engine for game: BluePrintLesson1
LogPlatformFile: Not using cached read wrapper
LogInit: Display: RandInit(498129149) SRandInit(498129149).
LogTaskGraph: Started task graph with 5 named threads and 14 total threads with 3 sets of task threads.
LogStats: Stats thread started at 0.178212
LogD3D11RHI: Aftermath initialized
LogPluginManager: Mounting plugin Paper2D
LogPluginManager: Mounting plugin LightPropagationVolume
LogPluginManager: Mounting plugin CodeLiteSourceCodeAccess
LogPluginManager: Mounting plugin GitSourceControl
LogPluginManager: Mounting plugin KDevelopSourceCodeAccess
LogPluginManager: Mounting plugin NullSourceCodeAccess
LogPluginManager: Mounting plugin PerforceSourceControl
LogPluginManager: Mounting plugin SubversionSourceControl
LogPluginManager: Mounting plugin UObjectPlugin
LogPluginManager: Mounting plugin VisualStudioSourceCodeAccess
LogPluginManager: Mounting plugin XCodeSourceCodeAccess
LogPluginManager: Mounting plugin AssetManagerEditor
LogPluginManager: Mounting plugin AudioCapture
LogPluginManager: Mounting plugin FacialAnimation
LogPluginManager: Mounting plugin GameplayTagsEditor
LogPluginManager: Mounting plugin MobileLauncherProfileWizard
LogPluginManager: Mounting plugin PluginBrowser
LogPluginManager: Mounting plugin SpeedTreeImporter
LogPluginManager: Mounting plugin AlembicImporter
LogPluginManager: Mounting plugin CharacterAI
LogPluginManager: Mounting plugin HTML5Networking
LogPluginManager: Mounting plugin AndroidMedia
LogPluginManager: Mounting plugin AvfMedia
LogPluginManager: Mounting plugin MediaPlayerEditor
LogPluginManager: Mounting plugin WmfMedia
LogPluginManager: Mounting plugin TcpMessaging
LogPluginManager: Mounting plugin UdpMessaging
LogPluginManager: Mounting plugin LevelSequenceEditor
LogPluginManager: Mounting plugin MatineeToLevelSequence
LogPluginManager: Mounting plugin OnlineSubsystemGooglePlay
LogPluginManager: Mounting plugin OnlineSubsystemIOS
LogPluginManager: Mounting plugin OnlineSubsystem
LogPluginManager: Mounting plugin OnlineSubsystemNull
LogPluginManager: Mounting plugin OnlineSubsystemUtils
LogPluginManager: Mounting plugin AndroidDeviceProfileSelector
LogPluginManager: Mounting plugin AndroidMoviePlayer
LogPluginManager: Mounting plugin AndroidPermission
LogPluginManager: Mounting plugin AppleMoviePlayer
LogPluginManager: Mounting plugin ArchVisCharacter
LogPluginManager: Mounting plugin CableComponent
LogPluginManager: Mounting plugin CustomMeshComponent
LogPluginManager: Mounting plugin ExampleDeviceProfileSelector
LogPluginManager: Mounting plugin GoogleCloudMessaging
LogPluginManager: Mounting plugin ImmediatePhysics
LogPluginManager: Mounting plugin IOSDeviceProfileSelector
LogPluginManager: Mounting plugin LinuxDeviceProfileSelector
LogPluginManager: Mounting plugin LocationServicesBPLibrary
LogPluginManager: Mounting plugin MobilePatchingUtils
LogPluginManager: Mounting plugin OculusVR
LogPluginManager: Mounting plugin PhysXVehicles
LogPluginManager: Mounting plugin ProceduralMeshComponent
LogPluginManager: Mounting plugin RuntimePhysXCooking
LogPluginManager: Mounting plugin SteamVR
LogPluginManager: Mounting plugin WindowsMoviePlayer
LogInit: Using libcurl 7.47.1
LogInit:  - built for x86_64-pc-win32
LogInit:  - supports SSL with OpenSSL/1.0.2g
LogInit:  - supports HTTP deflate (compression) using libz 1.2.8
LogInit:  - other features:
LogInit:      CURL_VERSION_SSL
LogInit:      CURL_VERSION_LIBZ
LogInit:      CURL_VERSION_IPV6
LogInit:      CURL_VERSION_ASYNCHDNS
LogInit:      CURL_VERSION_LARGEFILE
LogInit:      CURL_VERSION_IDN
LogInit:  CurlRequestOptions (configurable via config and command line):
LogInit:  - bVerifyPeer = false  - Libcurl will NOT verify peer certificate
LogInit:  - bUseHttpProxy = false  - Libcurl will NOT use HTTP proxy
LogInit:  - bDontReuseConnections = false  - Libcurl will reuse connections
LogInit:  - CertBundlePath = nullptr  - Libcurl will use whatever was configured at build time.
LogInit: Build: ++UE4+Release-4.17-CL-3658906
LogInit: Engine Version: 4.17.2-3658906+++UE4+Release-4.17
LogInit: Compatible Engine Version: 4.17.0-3573198+++UE4+Release-4.17
LogInit: Net CL: 3573198
LogDevObjectVersion: Number of dev versions registered: 16
LogDevObjectVersion:   Dev-Blueprints (B0D832E4-1F89-4F0D-ACCF-7EB736FD4AA2): 10
LogDevObjectVersion:   Dev-Build (E1C64328-A22C-4D53-A36C-8E866417BD8C): 0
LogDevObjectVersion:   Dev-Core (375EC13C-06E4-48FB-B500-84F0262A717E): 2
LogDevObjectVersion:   Dev-Editor (E4B068ED-F494-42E9-A231-DA0B2E46BB41): 20
LogDevObjectVersion:   Dev-Framework (CFFC743F-43B0-4480-9391-14DF171D2073): 28
LogDevObjectVersion:   Dev-Mobile (B02B49B5-BB20-44E9-A304-32B752E40360): 0
LogDevObjectVersion:   Dev-Networking (A4E4105C-59A1-49B5-A7C5-40C4547EDFEE): 0
LogDevObjectVersion:   Dev-Online (39C831C9-5AE6-47DC-9A44-9C173E1C8E7C): 0
LogDevObjectVersion:   Dev-Physics (78F01B33-EBEA-4F98-B9B4-84EACCB95AA2): 0
LogDevObjectVersion:   Dev-Platform (6631380F-2D4D-43E0-8009-CF276956A95A): 0
LogDevObjectVersion:   Dev-Rendering (12F88B9F-8875-4AFC-A67C-D90C383ABD29): 19
LogDevObjectVersion:   Dev-Sequencer (7B5AE74C-D270-4C10-A958-57980B212A5A): 4
LogDevObjectVersion:   Dev-VR (D7296918-1DD6-4BDD-9DE2-64A83CC13884): 0
LogDevObjectVersion:   Dev-LoadTimes (C2A15278-BFE7-4AFE-6C17-90FF531DF755): 1
LogDevObjectVersion:   Private-Geometry (6EACA3D4-40EC-4CC1-B786-8BED09428FC5): 1
LogDevObjectVersion:   Dev-AnimPhys (29E575DD-E0A3-4627-9D10-D276232CDCEA): 7
LogInit: Compiled (64-bit): Sep 22 2017 13:47:16
LogInit: Compiled with Visual C++: 19.00.24215.01
LogInit: Build Configuration: Development
LogInit: Branch Name: ++UE4+Release-4.17
LogInit: Command line: -EpicPortal 
LogInit: Base directory: C:/Program Files/Epic Games/UE_4.17/Engine/Binaries/Win64/
LogInit: Installed Engine Build: 1
LogInit: Presizing for max 8388607 objects, including 0 objects not considered by GC, pre-allocating 0 bytes for permanent pool.
LogInit: Object subsystem initialized
[2017.10.13-10.53.04:586][  0]LogInit: Selected Device Profile: [Windows]
[2017.10.13-10.53.04:586][  0]LogInit: Applying CVar settings loaded from the selected device profile: [Windows]
[2017.10.13-10.53.04:606][  0]LogInit: Computer: DESKTOP-UTLPHC3
[2017.10.13-10.53.04:606][  0]LogInit: User: Leszek
[2017.10.13-10.53.04:606][  0]LogInit: CPU Page size=4096, Cores=4
[2017.10.13-10.53.04:606][  0]LogInit: High frequency timer resolution =2.742189 MHz
[2017.10.13-10.53.04:606][  0]LogMemory: Memory total: Physical=15.9GB (16GB approx)
[2017.10.13-10.53.04:606][  0]LogMemory: Platform Memory Stats for Windows
[2017.10.13-10.53.04:606][  0]LogMemory: Process Physical Memory: 278.92 MB used, 278.92 MB peak
[2017.10.13-10.53.04:606][  0]LogMemory: Process Virtual Memory: 282.24 MB used, 282.24 MB peak
[2017.10.13-10.53.04:606][  0]LogMemory: Physical Memory: 6826.25 MB used,  9409.70 MB free, 16235.95 MB total
[2017.10.13-10.53.04:606][  0]LogMemory: Virtual Memory: 676.78 MB used,  9409.70 MB free, 134217728.00 MB total
[2017.10.13-10.53.07:793][  0]LogInit: Using OS detected language (en-US).
[2017.10.13-10.53.07:793][  0]LogInit: Using OS detected locale (en-GB).
[2017.10.13-10.53.07:796][  0]LogTextLocalizationManager: No specific localization for 'en-US' exists, so the 'en' localization will be used.
[2017.10.13-10.53.08:545][  0]LogD3D11RHI: D3D11 adapters:
[2017.10.13-10.53.09:428][  0]LogD3D11RHI:    0. 'NVIDIA GeForce GTX 1050' (Feature Level 11_0)
[2017.10.13-10.53.09:428][  0]LogD3D11RHI:       4031/0/8117 MB DedicatedVideo/DedicatedSystem/SharedSystem, Outputs:1, VendorId:0x10de
[2017.10.13-10.53.09:436][  0]LogD3D11RHI:    1. 'Intel(R) HD Graphics 630' (Feature Level 11_0)
[2017.10.13-10.53.09:436][  0]LogD3D11RHI:       128/0/8117 MB DedicatedVideo/DedicatedSystem/SharedSystem, Outputs:0, VendorId:0x8086
[2017.10.13-10.53.09:438][  0]LogD3D11RHI:    2. 'Microsoft Basic Render Driver' (Feature Level 11_0)
[2017.10.13-10.53.09:438][  0]LogD3D11RHI:       0/0/8117 MB DedicatedVideo/DedicatedSystem/SharedSystem, Outputs:0, VendorId:0x1414
[2017.10.13-10.53.09:438][  0]LogD3D11RHI: Chosen D3D11 Adapter: 0
[2017.10.13-10.53.09:445][  0]LogD3D11RHI: Creating new Direct3DDevice
[2017.10.13-10.53.09:445][  0]LogD3D11RHI:     GPU DeviceId: 0x1c8d (for the marketing name, search the web for "GPU Device Id")
[2017.10.13-10.53.09:445][  0]LogWindows: EnumDisplayDevices:
[2017.10.13-10.53.09:445][  0]LogWindows:    0. 'Intel(R) HD Graphics 630' (P:1 D:1)
[2017.10.13-10.53.09:445][  0]LogWindows:    1. 'Intel(R) HD Graphics 630' (P:0 D:0)
[2017.10.13-10.53.09:445][  0]LogWindows:    2. 'Intel(R) HD Graphics 630' (P:0 D:0)
[2017.10.13-10.53.09:446][  0]LogWindows: DebugString: PrimaryIsNotTheChoosenAdapter PrimaryIsNotTheChoosenAdapter PrimaryIsNotTheChoosenAdapter FoundDriverCount:0 
[2017.10.13-10.53.09:446][  0]LogD3D11RHI:     Adapter Name: NVIDIA GeForce GTX 1050
[2017.10.13-10.53.09:446][  0]LogD3D11RHI:   Driver Version: Unknown (internal:Unknown, unified:Unknown)
[2017.10.13-10.53.09:446][  0]LogD3D11RHI:      Driver Date: Unknown
[2017.10.13-10.53.09:446][  0]LogRHI: Texture pool is 1361 MB (70% of 1945 MB)
[2017.10.13-10.53.09:469][  0]LogD3D11RHI: Async texture creation enabled
[2017.10.13-10.53.09:507][  0]LogD3D11RHI: GPU Timing Frequency: 1000.000000 (Debug: 2 1)
[2017.10.13-10.53.09:509][  0]LogShaderCompilers: Guid format shader working directory is -27 characters bigger than the processId version (../../../../../../Users/Leszek/Documents/Unreal Projects/BluePrintLesson1/Intermediate/Shaders/WorkingDirectory/21096/).
[2017.10.13-10.53.09:509][  0]LogShaderCompilers: Cleaned the shader compiler working directory 'C:/Users/Leszek/AppData/Local/Temp/UnrealShaderWorkingDir/2CBBFF57400F82B59FEC83A3DEC2078A/'.
[2017.10.13-10.53.09:509][  0]LogShaderCompilers: Display: Using Local Shader Compiler.
[2017.10.13-10.53.10:624][  0]LogTemp: Display: Loaded TP AllDesktopTargetPlatform
[2017.10.13-10.53.10:697][  0]LogTemp: Display: Loaded TP MacClientTargetPlatform
[2017.10.13-10.53.10:773][  0]LogTemp: Display: Loaded TP MacNoEditorTargetPlatform
[2017.10.13-10.53.10:848][  0]LogTemp: Display: Loaded TP MacServerTargetPlatform
[2017.10.13-10.53.10:926][  0]LogTemp: Display: Loaded TP MacTargetPlatform
[2017.10.13-10.53.11:002][  0]LogTemp: Display: Loaded TP WindowsClientTargetPlatform
[2017.10.13-10.53.11:095][  0]LogTemp: Display: Loaded TP WindowsNoEditorTargetPlatform
[2017.10.13-10.53.11:197][  0]LogTemp: Display: Loaded TP WindowsServerTargetPlatform
[2017.10.13-10.53.11:260][  0]LogTemp: Display: Loaded TP WindowsTargetPlatform
[2017.10.13-10.53.11:342][  0]LogTemp: Display: Loaded TP AndroidTargetPlatform
[2017.10.13-10.53.11:415][  0]LogTemp: Display: Loaded TP Android_ASTCTargetPlatform
[2017.10.13-10.53.11:532][  0]LogTemp: Display: Loaded TP Android_ATCTargetPlatform
[2017.10.13-10.53.11:610][  0]LogTemp: Display: Loaded TP Android_DXTTargetPlatform
[2017.10.13-10.53.11:699][  0]LogTemp: Display: Loaded TP Android_ETC1TargetPlatform
[2017.10.13-10.53.11:772][  0]LogTemp: Display: Loaded TP Android_ETC2TargetPlatform
[2017.10.13-10.53.11:916][  0]LogTemp: Display: Loaded TP Android_MultiTargetPlatform
[2017.10.13-10.53.11:916][  0]LogTemp: Display: Loaded TP Android_PVRTCTargetPlatform
[2017.10.13-10.53.11:996][  0]LogTemp: Display: Loaded TP HTML5TargetPlatform
[2017.10.13-10.53.12:122][  0]LogTemp: Display: Loaded TP IOSTargetPlatform
[2017.10.13-10.53.12:181][  0]LogTemp: Display: Loaded TP TVOSTargetPlatform
[2017.10.13-10.53.12:252][  0]LogTemp: Display: Loaded TP LinuxClientTargetPlatform
[2017.10.13-10.53.12:323][  0]LogTemp: Display: Loaded TP LinuxNoEditorTargetPlatform
[2017.10.13-10.53.12:423][  0]LogTemp: Display: Loaded TP LinuxServerTargetPlatform
[2017.10.13-10.53.12:495][  0]LogTemp: Display: Loaded TP LinuxTargetPlatform
[2017.10.13-10.53.12:495][  0]LogTargetPlatformManager: Display: Building Assets For Windows
[2017.10.13-10.53.13:415][  0]LogDerivedDataCache: Display: Max Cache Size: 512 MB
[2017.10.13-10.53.13:513][  0]LogDerivedDataCache: Loaded boot cache 0.10s 93MB C:/Users/Leszek/AppData/Local/UnrealEngine/4.17/DerivedDataCache/Boot.ddc.
[2017.10.13-10.53.13:513][  0]LogDerivedDataCache: Display: Loaded Boot cache: C:/Users/Leszek/AppData/Local/UnrealEngine/4.17/DerivedDataCache/Boot.ddc
[2017.10.13-10.53.13:513][  0]LogDerivedDataCache: FDerivedDataBackendGraph:  Pak pak cache file ../../../../../../Users/Leszek/Documents/Unreal Projects/BluePrintLesson1/DerivedDataCache/DDC.ddp not found, will not use a pak cache.
[2017.10.13-10.53.13:513][  0]LogDerivedDataCache: Unable to find inner node Pak for hierarchical cache Hierarchy.
[2017.10.13-10.53.13:513][  0]LogDerivedDataCache: FDerivedDataBackendGraph:  CompressedPak pak cache file ../../../../../../Users/Leszek/Documents/Unreal Projects/BluePrintLesson1/DerivedDataCache/Compressed.ddp not found, will not use a pak cache.
[2017.10.13-10.53.13:513][  0]LogDerivedDataCache: Unable to find inner node CompressedPak for hierarchical cache Hierarchy.
[2017.10.13-10.53.13:528][  0]LogDerivedDataCache: Display: Pak cache opened for reading ../../../Engine/DerivedDataCache/Compressed.ddp.
[2017.10.13-10.53.13:541][  0]LogDerivedDataCache: Using Local data cache path C:/Users/Leszek/AppData/Local/UnrealEngine/Common/DerivedDataCache: Writable
[2017.10.13-10.53.13:551][  0]LogMaterial: Verifying Global Shaders for PCD3D_SM5
[2017.10.13-10.53.13:551][  0]LogSlate: Using Freetype 2.6.0
[2017.10.13-10.53.13:552][  0]LogSlate: SlateFontCache - WITH_FREETYPE: 1, WITH_HARFBUZZ: 1
[2017.10.13-10.53.13:552][  0]LogSlate: SlateFontCache - WITH_FREETYPE: 1, WITH_HARFBUZZ: 1
[2017.10.13-10.53.13:820][  0]LogAssetRegistry: FAssetRegistry took 0.0257 seconds to start up
[2017.10.13-10.53.13:991][  0]LogInit: Selected Device Profile: [Windows]
[2017.10.13-10.53.14:155][  0]LogContentStreaming: Texture pool size is 0.00 MB
[2017.10.13-10.53.14:597][  0]LogSimplygon: Simplygon DLL not present - disabling.
[2017.10.13-10.53.14:654][  0]LogMeshReduction: Using SimplygonSwarm for distributed automatic mesh merging
[2017.10.13-10.53.14:654][  0]LogMeshReduction: Using QuadricMeshReduction for automatic static mesh reduction
[2017.10.13-10.53.14:654][  0]LogMeshReduction: No automatic skeletal mesh reduction module available
[2017.10.13-10.53.14:654][  0]LogMeshReduction: No automatic mesh merging module available
[2017.10.13-10.53.14:654][  0]LogMeshMerging: No automatic mesh merging module available
[2017.10.13-10.53.15:262][  0]LogNetVersion: BluePrintLesson1 , NetCL: 3573198, EngineNetVer: 2, GameNetVer: 0 (Checksum: 1758953349)
[2017.10.13-10.53.15:611][  0]LogPackageLocalizationCache: Processed 5 localized package path(s) for 2 prioritized culture(s) in 0.055788 seconds
[2017.10.13-10.53.15:617][  0]LogUObjectArray: 35825 objects as part of root set at end of initial load.
[2017.10.13-10.53.15:617][  0]LogUObjectAllocator: 7529112 out of 0 bytes used by permanent object pool.
[2017.10.13-10.53.15:617][  0]LogUObjectArray: CloseDisregardForGC: 0/0 objects in disregard for GC pool
[2017.10.13-10.53.15:729][  0]LogInit: WinSock: version 1.1 (2.2), MaxSocks=32767, MaxUdp=65467
[2017.10.13-10.53.20:252][  0]LogTcpMessaging: Initializing TcpMessaging bridge
[2017.10.13-10.53.20:347][  0]LogUdpMessaging: Initializing bridge on interface 0.0.0.0:0 to multicast group 230.0.0.1:6666.
[2017.10.13-10.53.21:499][  0]LogMaterial: Uniform references updated for custom material expression Custom.
[2017.10.13-10.53.22:222][  0]SourceControl: Source control is disabled
[2017.10.13-10.53.22:222][  0]SourceControl: Source control is disabled
[2017.10.13-10.53.22:315][  0]SourceControl: Source control is disabled
[2017.10.13-10.53.22:445][  0]SourceControl: Source control is disabled
[2017.10.13-10.53.23:570][  0]LogAndroidPermission: UAndroidPermissionCallbackProxy::GetInstance
[2017.10.13-10.53.24:024][  0]LogOcInput: OculusInput pre-init called
[2017.10.13-10.53.24:441][  0]LogEngine: Initializing Engine...
[2017.10.13-10.53.24:443][  0]LogHMD: Failed to initialize OpenVR with code 110
[2017.10.13-10.53.24:838][  0]LogStats: UGameplayTagsManager::ConstructGameplayTagTree: Construct from data asset -  0.000 s
[2017.10.13-10.53.24:838][  0]LogStats: UGameplayTagsManager::ConstructGameplayTagTree: GameplayTagTreeChangedEvent.Broadcast -  0.000 s
[2017.10.13-10.53.25:055][  0]LogAIModule: Creating AISystem for world Untitled
[2017.10.13-10.53.25:063][  0]LogInit: XAudio2 using 'Speakers / Headphones (Realtek Audio)' : 2 channels at 48 kHz using 32 bits per sample (channel mask 0x3)
[2017.10.13-10.53.26:129][  0]LogInit: FAudioDevice initialized.
[2017.10.13-10.53.26:186][  0]LogDerivedDataCache: Saved boot cache 0.06s 93MB C:/Users/Leszek/AppData/Local/UnrealEngine/4.17/DerivedDataCache/Boot.ddc.
[2017.10.13-10.53.26:196][  0]LogInit: Texture streaming: Enabled
[2017.10.13-10.53.26:375][  0]LogEngineSessionManager: EngineSessionManager initialized
[2017.10.13-10.53.26:892][  0]LogWindowsTextInputMethodSystem: Display: IME system now deactivated.
[2017.10.13-10.53.27:649][  0]LogInit: Transaction tracking system initialized
[2017.10.13-10.53.28:214][  0]BlueprintLog: New page: Editor Load
[2017.10.13-10.53.30:012][  0]LocalizationService: Localization service is disabled
[2017.10.13-10.53.31:190][  0]LogConsoleResponse: Display: 
[2017.10.13-10.53.31:416][  0]LogCook: Display: Max memory allowance for cook 16384mb min free memory 0mb
[2017.10.13-10.53.31:416][  0]LogCook: Display: Mobile HDR setting 1
[2017.10.13-10.53.31:416][  0]LogGameplayTags: Display: UGameplayTagsManager::DoneAddingNativeTags. DelegateIsBound: 0
[2017.10.13-10.53.32:364][  0]LogFileCache: Scanning file cache for directory 'C:/Users/Leszek/Documents/Unreal Projects/BluePrintLesson1/Content/' took 0.02s
[2017.10.13-10.53.33:095][  0]SourceControl: Source control is disabled
[2017.10.13-10.53.33:095][  0]Cmd: MAP LOAD FILE="../../../../../../Users/Leszek/Documents/Unreal Projects/BluePrintLesson1/Content/ThirdPersonBP/Maps/ThirdPersonExampleMap.umap" TEMPLATE=0 SHOWPROGRESS=1 FEATURELEVEL=3
[2017.10.13-10.53.33:097][  0]LightingResults: New page: Lighting Build
[2017.10.13-10.53.33:180][  0]MapCheck: New page: Map Check
[2017.10.13-10.53.33:180][  0]LightingResults: New page: Lighting Build
[2017.10.13-10.53.34:007][  0]LogAIModule: Creating AISystem for world ThirdPersonExampleMap
[2017.10.13-10.53.34:019][  0]LogEditorServer: Finished looking for orphan Actors (0.000 secs)
[2017.10.13-10.53.34:043][  0]Cmd: MAP CHECKDEP NOCLEARLOG
[2017.10.13-10.53.34:121][  0]MapCheck: Map check complete: 0 Error(s), 0 Warning(s), took 78.533ms to complete.
[2017.10.13-10.53.34:121][  0]LogFileHelpers: Loading map 'ThirdPersonExampleMap' took 1.027
[2017.10.13-10.53.34:414][  0]LogCollectionManager: Loaded 0 collections in 0.002930 seconds
[2017.10.13-10.53.34:546][  0]LogFileCache: Scanning file cache for directory 'C:/Users/Leszek/Documents/Unreal Projects/BluePrintLesson1/Saved/Collections/' took 0.01s
[2017.10.13-10.53.34:546][  0]LogFileCache: Scanning file cache for directory 'C:/Users/Leszek/Documents/Unreal Projects/BluePrintLesson1/Content/Developers/Leszek/Collections/' took 0.01s
[2017.10.13-10.53.34:546][  0]LogFileCache: Scanning file cache for directory 'C:/Users/Leszek/Documents/Unreal Projects/BluePrintLesson1/Content/Collections/' took 0.01s
[2017.10.13-10.53.34:546][  0]LogCollectionManager: Rebuilt the GUID cache for 0 collections in 0.000001 seconds
[2017.10.13-10.53.34:558][  0]LogContentBrowser: Native class hierarchy populated in 0.0106 seconds. Added 2386 classes and 500 folders.
[2017.10.13-10.53.34:685][  0]LogContentBrowser: Native class hierarchy updated for 'WidgetCarousel' in 0.0010 seconds. Added 0 classes and 0 folders.
[2017.10.13-10.53.34:800][  0]LogContentBrowser: Native class hierarchy updated for 'AddContentDialog' in 0.0006 seconds. Added 0 classes and 0 folders.
[2017.10.13-10.53.34:874][  0]LogContentBrowser: Native class hierarchy updated for 'SceneOutliner' in 0.0007 seconds. Added 1 classes and 2 folders.
[2017.10.13-10.53.34:913][  0]LogSlate: Took 0.000318 seconds to synchronously load lazily loaded font '../../../Engine/Content/Slate/Fonts/Roboto-Regular.ttf' (155K)
[2017.10.13-10.53.34:916][  0]LogSlate: Took 0.000249 seconds to synchronously load lazily loaded font '../../../Engine/Content/Slate/Fonts/Roboto-Bold.ttf' (160K)
[2017.10.13-10.53.34:921][  0]LogSlate: Took 0.001015 seconds to synchronously load lazily loaded font '../../../Engine/Content/Editor/Slate/Fonts/FontAwesome.ttf' (139K)
[2017.10.13-10.53.35:040][  0]LogRenderer: Reallocating scene render targets to support 964x436 Format 10 NumSamples 1 (Frame:1).
[2017.10.13-10.53.35:236][  0]LogContentBrowser: Native class hierarchy updated for 'HierarchicalLODOutliner' in 0.0010 seconds. Added 1 classes and 2 folders.
[2017.10.13-10.53.35:236][  0]LogLoad: (Engine Initialization) Total time: 32.77 seconds
[2017.10.13-10.53.35:236][  0]LogLoad: (Engine Initialization) Total Blueprint compile time: 0.00 seconds
[2017.10.13-10.53.35:236][  0]LogExternalProfiler: No external profilers were discovered.  External profiling features will not be available.
[2017.10.13-10.53.35:265][  0]LogContentStreaming: Texture pool size now 1000 MB
[2017.10.13-10.53.35:282][  0]LogSlate: Took 0.001486 seconds to synchronously load lazily loaded font '../../../Engine/Content/Slate/Fonts/Roboto-Light.ttf' (159K)
[2017.10.13-10.53.35:309][  1]LogAssetRegistry: Asset discovery search completed in 21.5114 seconds
[2017.10.13-10.53.35:311][  1]LogCollectionManager: Rebuilt the object cache for 0 collections in 0.000000 seconds (found 0 objects)
[2017.10.13-10.53.35:311][  1]LogCollectionManager: Fixed up redirectors for 0 collections in 0.000054 seconds (updated 0 objects)
[2017.10.13-10.53.36:322][ 24]LogSlate: Took 0.000697 seconds to synchronously load lazily loaded font '../../../Engine/Content/Slate/Fonts/Roboto-Light.ttf' (159K)
[2017.10.13-10.53.45:805][197]Cmd: MAP LOAD FILE="../../../../../../Users/Leszek/Documents/Unreal Projects/BluePrintLesson1/Content/ThirdPersonBP/Maps/ThirdPersonExampleMap.umap" TEMPLATE=0 SHOWPROGRESS=1 FEATURELEVEL=3
[2017.10.13-10.53.45:847][197]LogSlate: Took 0.000229 seconds to synchronously load lazily loaded font '../../../Engine/Content/Slate/Fonts/Roboto-Light.ttf' (159K)
[2017.10.13-10.53.45:898][197]LightingResults: New page: Lighting Build
[2017.10.13-10.53.45:899][197]LoadErrors: New page: Loading map: ThirdPersonExampleMap.umap
[2017.10.13-10.53.45:928][197]MapCheck: New page: Map Check
[2017.10.13-10.53.45:928][197]LightingResults: New page: Lighting Build
[2017.10.13-10.53.46:000][197]LogAIModule: Creating AISystem for world ThirdPersonExampleMap
[2017.10.13-10.53.46:012][197]LogEditorServer: Finished looking for orphan Actors (0.000 secs)
[2017.10.13-10.53.46:077][197]Cmd: MAP CHECKDEP NOCLEARLOG
[2017.10.13-10.53.46:182][197]MapCheck: Map check complete: 0 Error(s), 0 Warning(s), took 105.584ms to complete.
[2017.10.13-10.53.46:183][197]LogFileHelpers: Loading map 'ThirdPersonExampleMap' took 0.378
[2017.10.13-10.54.37:934][845]Cmd: EDIT CUT
[2017.10.13-10.54.37:938][845]LogEditorActor: Deleted Actor: Flaming_Bush_lueprint_C
[2017.10.13-10.54.37:955][845]LogEditorActor: Deleted 1 Actors (0.017 secs)
[2017.10.13-10.54.38:892][921]LogEditorViewport: Clicking on Actor (LMB): Flaming_Bush_lueprint_C (Flaming_Bush_lueprint)
[2017.10.13-10.54.40:569][ 54]LogEditorViewport: Clicking on Actor (LMB): Flaming_Bush_lueprint_C (Flaming_Bush_lueprint)
[2017.10.13-10.55.06:192][494]Cmd: TRANSACTION UNDO
[2017.10.13-10.55.06:192][494]LogEditorTransaction: Undo Create Actors
[2017.10.13-10.55.15:493][782]Cmd: TRANSACTION UNDO
[2017.10.13-10.55.15:493][782]LogEditorTransaction: Undo Create Actors
[2017.10.13-10.55.27:622][437]LogTemp: Repeating last play command: Selected Viewport
[2017.10.13-10.55.27:661][437]LogBlueprintUserMessages: Early PlayInEditor Detection: Level '/Game/ThirdPersonBP/Maps/ThirdPersonExampleMap.ThirdPersonExampleMap:PersistentLevel' has LevelScriptBlueprint '/Game/ThirdPersonBP/Maps/ThirdPersonExampleMap.ThirdPersonExampleMap:PersistentLevel.ThirdPersonExampleMap' with GeneratedClass '/Game/ThirdPersonBP/Maps/ThirdPersonExampleMap.ThirdPersonExampleMap_C' with ClassGeneratedBy '/Game/ThirdPersonBP/Maps/ThirdPersonExampleMap.ThirdPersonExampleMap:PersistentLevel.ThirdPersonExampleMap'
[2017.10.13-10.55.27:661][437]LogPlayLevel: PlayLevel: No blueprints needed recompiling
[2017.10.13-10.55.27:661][437]PIE: New page: PIE session: ThirdPersonExampleMap (13 Oct 2017 12:55:27)
[2017.10.13-10.55.27:661][437]LogPlayLevel: Creating play world package: /Game/ThirdPersonBP/Maps/UEDPIE_0_ThirdPersonExampleMap
[2017.10.13-10.55.27:683][437]LogPlayLevel: PIE: StaticDuplicateObject took: (0.022239s)
[2017.10.13-10.55.27:684][437]LogAIModule: Creating AISystem for world ThirdPersonExampleMap
[2017.10.13-10.55.27:685][437]LogPlayLevel: PIE: World Init took: (0.001047s)
[2017.10.13-10.55.27:685][437]LogPlayLevel: PIE: Created PIE world by copying editor world from /Game/ThirdPersonBP/Maps/ThirdPersonExampleMap.ThirdPersonExampleMap to /Game/ThirdPersonBP/Maps/UEDPIE_0_ThirdPersonExampleMap.ThirdPersonExampleMap (0.023658s)
[2017.10.13-10.55.27:700][437]LogInit: XAudio2 using 'Speakers / Headphones (Realtek Audio)' : 2 channels at 48 kHz using 32 bits per sample (channel mask 0x3)
[2017.10.13-10.55.27:715][437]LogInit: FAudioDevice initialized.
[2017.10.13-10.55.27:769][437]LogLoad: Game class is 'ThirdPersonGameMode_C'
[2017.10.13-10.55.27:773][437]LogWorld: Bringing World /Game/ThirdPersonBP/Maps/UEDPIE_0_ThirdPersonExampleMap.ThirdPersonExampleMap up for play (max tick rate 0) at 2017.10.13-11.55.27
[2017.10.13-10.55.27:773][437]LogWorld: Bringing up level for play took: 0.002250
[2017.10.13-10.55.27:918][437]LogContentBrowser: Native class hierarchy updated for 'MovieSceneCapture' in 0.0017 seconds. Added 11 classes and 0 folders.
[2017.10.13-10.55.27:920][437]PIE: Play in editor start time for /Game/ThirdPersonBP/Maps/UEDPIE_0_ThirdPersonExampleMap -0.004
[2017.10.13-10.55.27:920][437]LogBlueprintUserMessages: Late PlayInEditor Detection: Level '/Game/ThirdPersonBP/Maps/ThirdPersonExampleMap.ThirdPersonExampleMap:PersistentLevel' has LevelScriptBlueprint '/Game/ThirdPersonBP/Maps/ThirdPersonExampleMap.ThirdPersonExampleMap:PersistentLevel.ThirdPersonExampleMap' with GeneratedClass '/Game/ThirdPersonBP/Maps/ThirdPersonExampleMap.ThirdPersonExampleMap_C' with ClassGeneratedBy '/Game/ThirdPersonBP/Maps/ThirdPersonExampleMap.ThirdPersonExampleMap:PersistentLevel.ThirdPersonExampleMap'
[2017.10.13-10.55.37:869][735]LogBlueprintUserMessages: Early EndPlayMap Detection: Level '/Game/ThirdPersonBP/Maps/ThirdPersonExampleMap.ThirdPersonExampleMap:PersistentLevel' has LevelScriptBlueprint '/Game/ThirdPersonBP/Maps/ThirdPersonExampleMap.ThirdPersonExampleMap:PersistentLevel.ThirdPersonExampleMap' with GeneratedClass '/Game/ThirdPersonBP/Maps/ThirdPersonExampleMap.ThirdPersonExampleMap_C' with ClassGeneratedBy '/Game/ThirdPersonBP/Maps/ThirdPersonExampleMap.ThirdPersonExampleMap:PersistentLevel.ThirdPersonExampleMap'
[2017.10.13-10.55.37:960][735]LogBlueprintUserMessages: Late EndPlayMap Detection: Level '/Game/ThirdPersonBP/Maps/ThirdPersonExampleMap.ThirdPersonExampleMap:PersistentLevel' has LevelScriptBlueprint '/Game/ThirdPersonBP/Maps/ThirdPersonExampleMap.ThirdPersonExampleMap:PersistentLevel.ThirdPersonExampleMap' with GeneratedClass '/Game/ThirdPersonBP/Maps/ThirdPersonExampleMap.ThirdPersonExampleMap_C' with ClassGeneratedBy '/Game/ThirdPersonBP/Maps/ThirdPersonExampleMap.ThirdPersonExampleMap:PersistentLevel.ThirdPersonExampleMap'
[2017.10.13-10.55.46:896][418]LogEditorViewport: Clicking on Actor (LMB): Flaming_Bush_lueprint_C (Flaming_Bush_lueprint2)
[2017.10.13-10.55.50:331][507]LogContentBrowser: Native class hierarchy updated for 'BlueprintGraph' in 0.0012 seconds. Added 113 classes and 0 folders.
[2017.10.13-10.55.51:485][507]LogSlate: Took 0.001684 seconds to synchronously load lazily loaded font '../../../Engine/Content/Editor/Slate/Fonts/Roboto-BoldCondensed.ttf' (158K)
[2017.10.13-10.56.12:491][162]LogSlate: Took 0.001342 seconds to synchronously load lazily loaded font '../../../Engine/Content/Editor/Slate/Fonts/Roboto-Italic.ttf' (157K)
[2017.10.13-11.03.56:650][ 98]LogSavePackage: Save=185.75ms
[2017.10.13-11.03.56:651][ 98]LogSavePackage: Moving '../../../../../../Users/Leszek/Documents/Unreal Projects/BluePrintLesson1/Saved/ThirdPersonExampleMap_Auto1EB708F1D4A6139EA367AB6819501E3B7.tmp' to '../../../../../../Users/Leszek/Documents/Unreal Projects/BluePrintLesson1/Saved/Autosaves/Game/ThirdPersonBP/Maps/ThirdPersonExampleMap_Auto1.umap'
[2017.10.13-11.03.56:655][ 98]LogSavePackage: Display: Finished SavePackage ../../../../../../Users/Leszek/Documents/Unreal Projects/BluePrintLesson1/Saved/Autosaves/Game/ThirdPersonBP/Maps/ThirdPersonExampleMap_Auto1.umap
[2017.10.13-11.03.56:657][ 98]LogFileHelpers: Editor autosave (incl. sublevels) for '/Game/ThirdPersonBP/Maps/ThirdPersonExampleMap' took 0.328
[2017.10.13-11.03.56:657][ 98]LogFileHelpers: Editor autosave (incl. sublevels) for all levels took 0.328
[2017.10.13-11.14.48:620][726]Cmd: TRANSACTION UNDO
[2017.10.13-11.14.48:620][726]LogEditorTransaction: Undo Create Actors
[2017.10.13-11.15.31:313][484]Cmd: MAP LOAD FILE="../../../../../../Users/Leszek/Documents/Unreal Projects/BluePrintLesson1/Content/StarterContent/Maps/StarterMap.umap" TEMPLATE=0 SHOWPROGRESS=1 FEATURELEVEL=3
[2017.10.13-11.15.31:326][484]LightingResults: New page: Lighting Build
[2017.10.13-11.15.31:327][484]LoadErrors: New page: Loading map: StarterMap.umap
[2017.10.13-11.15.31:364][484]MapCheck: New page: Map Check
[2017.10.13-11.15.31:364][484]LightingResults: New page: Lighting Build
[2017.10.13-11.15.32:189][484]LogSlate: Took 0.000151 seconds to synchronously load lazily loaded font '../../../Engine/Content/Slate/Fonts/Roboto-Regular.ttf' (155K)
[2017.10.13-11.15.34:058][484]LogAIModule: Creating AISystem for world StarterMap
[2017.10.13-11.15.34:099][484]LogEditorServer: Finished looking for orphan Actors (0.000 secs)
[2017.10.13-11.15.34:142][484]Cmd: MAP CHECKDEP NOCLEARLOG
[2017.10.13-11.15.34:320][484]MapCheck: Map check complete: 0 Error(s), 0 Warning(s), took 178.122ms to complete.
[2017.10.13-11.15.34:320][484]LogFileHelpers: Loading map 'StarterMap' took 3.009
[2017.10.13-11.17.54:459][469]Cmd: MAP LOAD FILE="../../../../../../Users/Leszek/Documents/Unreal Projects/BluePrintLesson1/Content/ThirdPersonBP/Maps/ThirdPersonExampleMap.umap" TEMPLATE=0 SHOWPROGRESS=1 FEATURELEVEL=3
[2017.10.13-11.17.54:491][469]LightingResults: New page: Lighting Build
[2017.10.13-11.17.54:492][469]LoadErrors: New page: Loading map: ThirdPersonExampleMap.umap
[2017.10.13-11.17.54:508][469]MapCheck: New page: Map Check
[2017.10.13-11.17.54:508][469]LightingResults: New page: Lighting Build
[2017.10.13-11.17.54:572][469]LogAIModule: Creating AISystem for world ThirdPersonExampleMap
[2017.10.13-11.17.54:578][469]LogEditorServer: Finished looking for orphan Actors (0.000 secs)
[2017.10.13-11.17.54:627][469]Cmd: MAP CHECKDEP NOCLEARLOG
[2017.10.13-11.17.54:751][469]MapCheck: Map check complete: 0 Error(s), 0 Warning(s), took 123.355ms to complete.
[2017.10.13-11.17.54:751][469]LogFileHelpers: Loading map 'ThirdPersonExampleMap' took 0.292
[2017.10.13-11.18.14:228][484]LogTemp: Repeating last play command: Selected Viewport
[2017.10.13-11.18.14:246][484]LogBlueprintUserMessages: Early PlayInEditor Detection: Level '/Game/ThirdPersonBP/Maps/ThirdPersonExampleMap.ThirdPersonExampleMap:PersistentLevel' has LevelScriptBlueprint '/Game/ThirdPersonBP/Maps/ThirdPersonExampleMap.ThirdPersonExampleMap:PersistentLevel.ThirdPersonExampleMap' with GeneratedClass '/Game/ThirdPersonBP/Maps/ThirdPersonExampleMap.ThirdPersonExampleMap_C' with ClassGeneratedBy '/Game/ThirdPersonBP/Maps/ThirdPersonExampleMap.ThirdPersonExampleMap:PersistentLevel.ThirdPersonExampleMap'
[2017.10.13-11.18.14:246][484]LogPlayLevel: PlayLevel: No blueprints needed recompiling
[2017.10.13-11.18.14:247][484]PIE: New page: PIE session: ThirdPersonExampleMap (13 Oct 2017 13:18:14)
[2017.10.13-11.18.14:247][484]LogPlayLevel: Creating play world package: /Game/ThirdPersonBP/Maps/UEDPIE_0_ThirdPersonExampleMap
[2017.10.13-11.18.14:266][484]LogPlayLevel: PIE: StaticDuplicateObject took: (0.019366s)
[2017.10.13-11.18.14:267][484]LogAIModule: Creating AISystem for world ThirdPersonExampleMap
[2017.10.13-11.18.14:267][484]LogPlayLevel: PIE: World Init took: (0.000838s)
[2017.10.13-11.18.14:267][484]LogPlayLevel: PIE: Created PIE world by copying editor world from /Game/ThirdPersonBP/Maps/ThirdPersonExampleMap.ThirdPersonExampleMap to /Game/ThirdPersonBP/Maps/UEDPIE_0_ThirdPersonExampleMap.ThirdPersonExampleMap (0.020509s)
[2017.10.13-11.18.14:291][484]LogInit: XAudio2 using 'Speakers / Headphones (Realtek Audio)' : 2 channels at 48 kHz using 32 bits per sample (channel mask 0x3)
[2017.10.13-11.18.14:305][484]LogInit: FAudioDevice initialized.
[2017.10.13-11.18.14:338][484]LogLoad: Game class is 'ThirdPersonGameMode_C'
[2017.10.13-11.18.14:341][484]LogWorld: Bringing World /Game/ThirdPersonBP/Maps/UEDPIE_0_ThirdPersonExampleMap.ThirdPersonExampleMap up for play (max tick rate 0) at 2017.10.13-12.18.14
[2017.10.13-11.18.14:341][484]LogWorld: Bringing up level for play took: 0.002448
[2017.10.13-11.18.14:343][484]PIE: Play in editor start time for /Game/ThirdPersonBP/Maps/UEDPIE_0_ThirdPersonExampleMap 0.419
[2017.10.13-11.18.14:343][484]LogBlueprintUserMessages: Late PlayInEditor Detection: Level '/Game/ThirdPersonBP/Maps/ThirdPersonExampleMap.ThirdPersonExampleMap:PersistentLevel' has LevelScriptBlueprint '/Game/ThirdPersonBP/Maps/ThirdPersonExampleMap.ThirdPersonExampleMap:PersistentLevel.ThirdPersonExampleMap' with GeneratedClass '/Game/ThirdPersonBP/Maps/ThirdPersonExampleMap.ThirdPersonExampleMap_C' with ClassGeneratedBy '/Game/ThirdPersonBP/Maps/ThirdPersonExampleMap.ThirdPersonExampleMap:PersistentLevel.ThirdPersonExampleMap'
[2017.10.13-11.18.24:027][779]LogBlueprintUserMessages: Early EndPlayMap Detection: Level '/Game/ThirdPersonBP/Maps/ThirdPersonExampleMap.ThirdPersonExampleMap:PersistentLevel' has LevelScriptBlueprint '/Game/ThirdPersonBP/Maps/ThirdPersonExampleMap.ThirdPersonExampleMap:PersistentLevel.ThirdPersonExampleMap' with GeneratedClass '/Game/ThirdPersonBP/Maps/ThirdPersonExampleMap.ThirdPersonExampleMap_C' with ClassGeneratedBy '/Game/ThirdPersonBP/Maps/ThirdPersonExampleMap.ThirdPersonExampleMap:PersistentLevel.ThirdPersonExampleMap'
[2017.10.13-11.18.24:115][779]LogBlueprintUserMessages: Late EndPlayMap Detection: Level '/Game/ThirdPersonBP/Maps/ThirdPersonExampleMap.ThirdPersonExampleMap:PersistentLevel' has LevelScriptBlueprint '/Game/ThirdPersonBP/Maps/ThirdPersonExampleMap.ThirdPersonExampleMap:PersistentLevel.ThirdPersonExampleMap' with GeneratedClass '/Game/ThirdPersonBP/Maps/ThirdPersonExampleMap.ThirdPersonExampleMap_C' with ClassGeneratedBy '/Game/ThirdPersonBP/Maps/ThirdPersonExampleMap.ThirdPersonExampleMap:PersistentLevel.ThirdPersonExampleMap'
[2017.10.13-11.18.26:322][885]Cmd: POLY SELECT MEMORY XOR
[2017.10.13-11.18.27:185][970]Cmd: EDIT CUT
[2017.10.13-11.18.27:196][970]LogEditorActor: Deleted Actor: Light_BP_C
[2017.10.13-11.18.27:249][970]LogEditorActor: Deleted 1 Actors (0.055 secs)
[2017.10.13-11.19.12:015][203]Cmd: TRANSACTION UNDO
[2017.10.13-11.19.12:016][203]LogEditorTransaction: Undo Move Actors
[2017.10.13-11.19.35:445][697]LogEditorViewport: Clicking on Actor (LMB): StaticMeshActor (Linear_Stair_StaticMesh)
[2017.10.13-11.20.06:837][863]LogTemp: Repeating last play command: Selected Viewport
[2017.10.13-11.20.06:860][863]LogBlueprintUserMessages: Early PlayInEditor Detection: Level '/Game/ThirdPersonBP/Maps/ThirdPersonExampleMap.ThirdPersonExampleMap:PersistentLevel' has LevelScriptBlueprint '/Game/ThirdPersonBP/Maps/ThirdPersonExampleMap.ThirdPersonExampleMap:PersistentLevel.ThirdPersonExampleMap' with GeneratedClass '/Game/ThirdPersonBP/Maps/ThirdPersonExampleMap.ThirdPersonExampleMap_C' with ClassGeneratedBy '/Game/ThirdPersonBP/Maps/ThirdPersonExampleMap.ThirdPersonExampleMap:PersistentLevel.ThirdPersonExampleMap'
[2017.10.13-11.20.06:861][863]LogPlayLevel: PlayLevel: No blueprints needed recompiling
[2017.10.13-11.20.06:861][863]PIE: New page: PIE session: ThirdPersonExampleMap (13 Oct 2017 13:20:06)
[2017.10.13-11.20.06:861][863]LogPlayLevel: Creating play world package: /Game/ThirdPersonBP/Maps/UEDPIE_0_ThirdPersonExampleMap
[2017.10.13-11.20.06:883][863]LogPlayLevel: PIE: StaticDuplicateObject took: (0.021916s)
[2017.10.13-11.20.06:885][863]LogAIModule: Creating AISystem for world ThirdPersonExampleMap
[2017.10.13-11.20.06:885][863]LogPlayLevel: PIE: World Init took: (0.001533s)
[2017.10.13-11.20.06:885][863]LogPlayLevel: PIE: Created PIE world by copying editor world from /Game/ThirdPersonBP/Maps/ThirdPersonExampleMap.ThirdPersonExampleMap to /Game/ThirdPersonBP/Maps/UEDPIE_0_ThirdPersonExampleMap.ThirdPersonExampleMap (0.023910s)
[2017.10.13-11.20.06:911][863]LogInit: XAudio2 using 'Speakers / Headphones (Realtek Audio)' : 2 channels at 48 kHz using 32 bits per sample (channel mask 0x3)
[2017.10.13-11.20.06:926][863]LogInit: FAudioDevice initialized.
[2017.10.13-11.20.06:956][863]LogLoad: Game class is 'ThirdPersonGameMode_C'
[2017.10.13-11.20.06:959][863]LogWorld: Bringing World /Game/ThirdPersonBP/Maps/UEDPIE_0_ThirdPersonExampleMap.ThirdPersonExampleMap up for play (max tick rate 0) at 2017.10.13-12.20.06
[2017.10.13-11.20.06:960][863]LogWorld: Bringing up level for play took: 0.002771
[2017.10.13-11.20.06:961][863]PIE: Play in editor start time for /Game/ThirdPersonBP/Maps/UEDPIE_0_ThirdPersonExampleMap 1.037
[2017.10.13-11.20.06:961][863]LogBlueprintUserMessages: Late PlayInEditor Detection: Level '/Game/ThirdPersonBP/Maps/ThirdPersonExampleMap.ThirdPersonExampleMap:PersistentLevel' has LevelScriptBlueprint '/Game/ThirdPersonBP/Maps/ThirdPersonExampleMap.ThirdPersonExampleMap:PersistentLevel.ThirdPersonExampleMap' with GeneratedClass '/Game/ThirdPersonBP/Maps/ThirdPersonExampleMap.ThirdPersonExampleMap_C' with ClassGeneratedBy '/Game/ThirdPersonBP/Maps/ThirdPersonExampleMap.ThirdPersonExampleMap:PersistentLevel.ThirdPersonExampleMap'
[2017.10.13-11.20.52:289][226]LogBlueprintUserMessages: Early EndPlayMap Detection: Level '/Game/ThirdPersonBP/Maps/ThirdPersonExampleMap.ThirdPersonExampleMap:PersistentLevel' has LevelScriptBlueprint '/Game/ThirdPersonBP/Maps/ThirdPersonExampleMap.ThirdPersonExampleMap:PersistentLevel.ThirdPersonExampleMap' with GeneratedClass '/Game/ThirdPersonBP/Maps/ThirdPersonExampleMap.ThirdPersonExampleMap_C' with ClassGeneratedBy '/Game/ThirdPersonBP/Maps/ThirdPersonExampleMap.ThirdPersonExampleMap:PersistentLevel.ThirdPersonExampleMap'
[2017.10.13-11.20.52:388][226]LogBlueprintUserMessages: Late EndPlayMap Detection: Level '/Game/ThirdPersonBP/Maps/ThirdPersonExampleMap.ThirdPersonExampleMap:PersistentLevel' has LevelScriptBlueprint '/Game/ThirdPersonBP/Maps/ThirdPersonExampleMap.ThirdPersonExampleMap:PersistentLevel.ThirdPersonExampleMap' with GeneratedClass '/Game/ThirdPersonBP/Maps/ThirdPersonExampleMap.ThirdPersonExampleMap_C' with ClassGeneratedBy '/Game/ThirdPersonBP/Maps/ThirdPersonExampleMap.ThirdPersonExampleMap:PersistentLevel.ThirdPersonExampleMap'
[2017.10.13-11.20.55:448][362]LogEditorViewport: Clicking on Actor (context menu): Light_BP_C (Light_BP)
[2017.10.13-11.20.56:352][425]LogEditorViewport: Clicking on Actor (LMB): Flaming_Bush_lueprint_C (Flaming_Bush_lueprint)
[2017.10.13-11.20.57:300][504]LogEditorViewport: Clicking on Actor (LMB): Light_BP_C (Light_BP)
[2017.10.13-11.21.06:337][890]LogScript: Warning: Attempted to access TRASH_TextRenderComponent_9 via property TextRender, but TRASH_TextRenderComponent_9 is pending kill
	Light_BP_C /Engine/Transient.World_12:PersistentLevel.Light_BP_C_1
	Function /Game/StarterContent/Class_BluePrint/Light_BP.Light_BP_C:ExecuteUbergraph_Light_BP:0060
[2017.10.13-11.22.48:107][316]LogEditorViewport: Clicking on Actor (LMB): House_withworking_Light_C (House_withworking_Light)
[2017.10.13-11.22.49:174][406]LogEditorViewport: Clicking on Actor (LMB): StaticMeshActor (Floor)
[2017.10.13-11.22.49:800][467]LogEditorViewport: Clicking on Actor (LMB): StaticMeshActor (Floor)
[2017.10.13-11.22.50:300][522]LogEditorViewport: Clicking on Actor (LMB): StaticMeshActor (Floor)
[2017.10.13-11.22.50:857][583]LogEditorViewport: Clicking on Actor (context menu): StaticMeshActor (Floor)
[2017.10.13-11.22.51:544][650]LogEditorViewport: Clicking on Actor (LMB): Light_BP_C (Light_BP)
[2017.10.13-11.23.16:930][223]LogEditorViewport: Clicking on Actor (context menu): Flaming_Bush_lueprint_C (Flaming_Bush_lueprint)
[2017.10.13-11.24.30:628][429]Cmd: TRANSACTION UNDO
[2017.10.13-11.24.30:628][429]LogEditorTransaction: Undo Add Node
[2017.10.13-11.25.13:977][832]Cmd: TRANSACTION UNDO
[2017.10.13-11.25.13:977][832]LogEditorTransaction: Undo Create Pin Link
[2017.10.13-11.25.33:598][315]LogEditorViewport: Clicking on Actor (LMB): StaticMeshActor (Wall10)
[2017.10.13-11.28.50:511][ 17]LogSavePackage: Save=81.24ms
[2017.10.13-11.28.50:511][ 17]LogSavePackage: Moving '../../../../../../Users/Leszek/Documents/Unreal Projects/BluePrintLesson1/Saved/ThirdPersonExampleMap_Auto27844519A4C2250CF50E0559CB463E3FD.tmp' to '../../../../../../Users/Leszek/Documents/Unreal Projects/BluePrintLesson1/Saved/Autosaves/Game/ThirdPersonBP/Maps/ThirdPersonExampleMap_Auto2.umap'
[2017.10.13-11.28.50:514][ 17]LogSavePackage: Display: Finished SavePackage ../../../../../../Users/Leszek/Documents/Unreal Projects/BluePrintLesson1/Saved/Autosaves/Game/ThirdPersonBP/Maps/ThirdPersonExampleMap_Auto2.umap
[2017.10.13-11.28.50:516][ 17]LogFileHelpers: Editor autosave (incl. sublevels) for '/Game/ThirdPersonBP/Maps/ThirdPersonExampleMap' took 0.131
[2017.10.13-11.28.50:516][ 17]LogFileHelpers: Editor autosave (incl. sublevels) for all levels took 0.131
[2017.10.13-11.28.50:518][ 17]OBJ SavePackage: Generating thumbnails for [1] asset(s) in package [/Game/StarterContent/Blueprints/Flaming_Bush_lueprint] ([1] browsable assets)...
[2017.10.13-11.28.50:613][ 17]OBJ SavePackage:     Rendered thumbnail for [Blueprint /Game/StarterContent/Blueprints/Flaming_Bush_lueprint.Flaming_Bush_lueprint]
[2017.10.13-11.28.50:613][ 17]OBJ SavePackage: Finished generating thumbnails for package [/Game/StarterContent/Blueprints/Flaming_Bush_lueprint]
[2017.10.13-11.28.50:692][ 17]LogSavePackage: Save=55.67ms
[2017.10.13-11.28.50:692][ 17]LogSavePackage: Moving '../../../../../../Users/Leszek/Documents/Unreal Projects/BluePrintLesson1/Saved/Flaming_Bush_lueprint_Auto21EAC961F4B4F38983893A1ACEED31114.tmp' to '../../../../../../Users/Leszek/Documents/Unreal Projects/BluePrintLesson1/Saved/Autosaves/Game/StarterContent/Blueprints/Flaming_Bush_lueprint_Auto2.uasset'
[2017.10.13-11.28.50:695][ 17]LogSavePackage: Display: Finished SavePackage ../../../../../../Users/Leszek/Documents/Unreal Projects/BluePrintLesson1/Saved/Autosaves/Game/StarterContent/Blueprints/Flaming_Bush_lueprint_Auto2.uasset
[2017.10.13-11.28.50:697][ 17]OBJ SavePackage: Generating thumbnails for [1] asset(s) in package [/Game/StarterContent/Class_BluePrint/Light_BP] ([1] browsable assets)...
[2017.10.13-11.28.50:734][ 17]OBJ SavePackage:     Rendered thumbnail for [Blueprint /Game/StarterContent/Class_BluePrint/Light_BP.Light_BP]
[2017.10.13-11.28.50:734][ 17]OBJ SavePackage: Finished generating thumbnails for package [/Game/StarterContent/Class_BluePrint/Light_BP]
[2017.10.13-11.28.50:816][ 17]LogSavePackage: Save=66.37ms
[2017.10.13-11.28.50:816][ 17]LogSavePackage: Moving '../../../../../../Users/Leszek/Documents/Unreal Projects/BluePrintLesson1/Saved/Light_BP_Auto24EA0523A4586D0AEAD2446AE11F0815C.tmp' to '../../../../../../Users/Leszek/Documents/Unreal Projects/BluePrintLesson1/Saved/Autosaves/Game/StarterContent/Class_BluePrint/Light_BP_Auto2.uasset'
[2017.10.13-11.28.50:820][ 17]LogSavePackage: Display: Finished SavePackage ../../../../../../Users/Leszek/Documents/Unreal Projects/BluePrintLesson1/Saved/Autosaves/Game/StarterContent/Class_BluePrint/Light_BP_Auto2.uasset
[2017.10.13-11.28.50:820][ 17]LogFileHelpers: Auto-saving content packages took 0.303
[2017.10.13-13.04.15:887][137]BlueprintLog: New page: Compile Flaming_Bush_lueprint
[2017.10.13-13.04.33:872][504]LogTemp: Repeating last play command: Selected Viewport
[2017.10.13-13.04.33:911][504]LogBlueprintUserMessages: Early PlayInEditor Detection: Level '/Game/ThirdPersonBP/Maps/ThirdPersonExampleMap.ThirdPersonExampleMap:PersistentLevel' has LevelScriptBlueprint '/Game/ThirdPersonBP/Maps/ThirdPersonExampleMap.ThirdPersonExampleMap:PersistentLevel.ThirdPersonExampleMap' with GeneratedClass '/Game/ThirdPersonBP/Maps/ThirdPersonExampleMap.ThirdPersonExampleMap_C' with ClassGeneratedBy '/Game/ThirdPersonBP/Maps/ThirdPersonExampleMap.ThirdPersonExampleMap:PersistentLevel.ThirdPersonExampleMap'
[2017.10.13-13.04.33:912][504]BlueprintLog: New page: Pre-Play auto-recompile
[2017.10.13-13.04.33:924][504]LogPlayLevel: [PlayLevel] Compiling Light_BP before play...
[2017.10.13-13.04.34:297][504]LogPlayLevel: PlayLevel: Blueprint regeneration took 385 ms (1 blueprints)
[2017.10.13-13.04.34:297][504]PIE: New page: PIE session: ThirdPersonExampleMap (13 Oct 2017 15:04:34)
[2017.10.13-13.04.34:298][504]LogPlayLevel: Creating play world package: /Game/ThirdPersonBP/Maps/UEDPIE_0_ThirdPersonExampleMap
[2017.10.13-13.04.34:328][504]LogPlayLevel: PIE: StaticDuplicateObject took: (0.030510s)
[2017.10.13-13.04.34:332][504]LogAIModule: Creating AISystem for world ThirdPersonExampleMap
[2017.10.13-13.04.34:333][504]LogPlayLevel: PIE: World Init took: (0.004479s)
[2017.10.13-13.04.34:333][504]LogPlayLevel: PIE: Created PIE world by copying editor world from /Game/ThirdPersonBP/Maps/ThirdPersonExampleMap.ThirdPersonExampleMap to /Game/ThirdPersonBP/Maps/UEDPIE_0_ThirdPersonExampleMap.ThirdPersonExampleMap (0.035588s)
[2017.10.13-13.04.34:360][504]LogInit: XAudio2 using 'Speakers / Headphones (Realtek Audio)' : 2 channels at 48 kHz using 32 bits per sample (channel mask 0x3)
[2017.10.13-13.04.34:376][504]LogInit: FAudioDevice initialized.
[2017.10.13-13.04.34:417][504]LogLoad: Game class is 'ThirdPersonGameMode_C'
[2017.10.13-13.04.34:425][504]LogWorld: Bringing World /Game/ThirdPersonBP/Maps/UEDPIE_0_ThirdPersonExampleMap.ThirdPersonExampleMap up for play (max tick rate 60) at 2017.10.13-14.04.34
[2017.10.13-13.04.34:425][504]LogWorld: Bringing up level for play took: 0.006236
[2017.10.13-13.04.34:429][504]PIE: Play in editor start time for /Game/ThirdPersonBP/Maps/UEDPIE_0_ThirdPersonExampleMap 0.511
[2017.10.13-13.04.34:429][504]LogBlueprintUserMessages: Late PlayInEditor Detection: Level '/Game/ThirdPersonBP/Maps/ThirdPersonExampleMap.ThirdPersonExampleMap:PersistentLevel' has LevelScriptBlueprint '/Game/ThirdPersonBP/Maps/ThirdPersonExampleMap.ThirdPersonExampleMap:PersistentLevel.ThirdPersonExampleMap' with GeneratedClass '/Game/ThirdPersonBP/Maps/ThirdPersonExampleMap.ThirdPersonExampleMap_C' with ClassGeneratedBy '/Game/ThirdPersonBP/Maps/ThirdPersonExampleMap.ThirdPersonExampleMap:PersistentLevel.ThirdPersonExampleMap'
[2017.10.13-13.05.34:333][237]LogSavePackage: Save=66.85ms
[2017.10.13-13.05.34:333][237]LogSavePackage: Moving '../../../../../../Users/Leszek/Documents/Unreal Projects/BluePrintLesson1/Saved/Flaming_Bush_lueprint340BAFAE4C21DB8EAB93BE9556EBA4F8.tmp' to '../../../../../../Users/Leszek/Documents/Unreal Projects/BluePrintLesson1/Content/StarterContent/Blueprints/Flaming_Bush_lueprint.uasset'
[2017.10.13-13.05.34:344][237]LogSavePackage: Display: Finished SavePackage ../../../../../../Users/Leszek/Documents/Unreal Projects/BluePrintLesson1/Content/StarterContent/Blueprints/Flaming_Bush_lueprint.uasset
[2017.10.13-13.05.54:867][520]LogSavePackage: Save=197.85ms
[2017.10.13-13.05.54:867][520]LogSavePackage: Moving '../../../../../../Users/Leszek/Documents/Unreal Projects/BluePrintLesson1/Saved/ThirdPersonExampleMap3D6E71B14413DE01A265B4A376F41D17.tmp' to '../../../../../../Users/Leszek/Documents/Unreal Projects/BluePrintLesson1/Content/ThirdPersonBP/Maps/ThirdPersonExampleMap.umap'
[2017.10.13-13.05.54:875][520]LogSavePackage: Display: Finished SavePackage ../../../../../../Users/Leszek/Documents/Unreal Projects/BluePrintLesson1/Content/ThirdPersonBP/Maps/ThirdPersonExampleMap.umap
[2017.10.13-13.05.55:212][520]LogSavePackage: Save=271.32ms
[2017.10.13-13.05.55:212][520]LogSavePackage: Moving '../../../../../../Users/Leszek/Documents/Unreal Projects/BluePrintLesson1/Saved/ThirdPersonExampleMap_BuiltData7245735A422D4304AB5ECDBA0D35915C.tmp' to '../../../../../../Users/Leszek/Documents/Unreal Projects/BluePrintLesson1/Content/ThirdPersonBP/Maps/ThirdPersonExampleMap_BuiltData.uasset'
[2017.10.13-13.05.55:220][520]LogSavePackage: Display: Finished SavePackage ../../../../../../Users/Leszek/Documents/Unreal Projects/BluePrintLesson1/Content/ThirdPersonBP/Maps/ThirdPersonExampleMap_BuiltData.uasset
[2017.10.13-13.05.58:526][558]LogActorComponent: UnregisterComponent: (/Engine/Transient.EditorFloorComp) Not registered. Aborting.
[2017.10.13-13.05.58:615][558]LogActorComponent: UnregisterComponent: (/Engine/Transient.EditorFloorComp) Not registered. Aborting.
[2017.10.13-13.05.58:694][558]LogWindowsTextInputMethodSystem: Display: IME system now deactivated.
[2017.10.13-13.05.58:766][558]LogBlueprintUserMessages: Early EndPlayMap Detection: Level '/Game/ThirdPersonBP/Maps/ThirdPersonExampleMap.ThirdPersonExampleMap:PersistentLevel' has LevelScriptBlueprint '/Game/ThirdPersonBP/Maps/ThirdPersonExampleMap.ThirdPersonExampleMap:PersistentLevel.ThirdPersonExampleMap' with GeneratedClass '/Game/ThirdPersonBP/Maps/ThirdPersonExampleMap.ThirdPersonExampleMap_C' with ClassGeneratedBy '/Game/ThirdPersonBP/Maps/ThirdPersonExampleMap.ThirdPersonExampleMap:PersistentLevel.ThirdPersonExampleMap'
[2017.10.13-13.05.58:799][558]LogBlueprintUserMessages: Late EndPlayMap Detection: Level '/Game/ThirdPersonBP/Maps/ThirdPersonExampleMap.ThirdPersonExampleMap:PersistentLevel' has LevelScriptBlueprint '/Game/ThirdPersonBP/Maps/ThirdPersonExampleMap.ThirdPersonExampleMap:PersistentLevel.ThirdPersonExampleMap' with GeneratedClass '/Game/ThirdPersonBP/Maps/ThirdPersonExampleMap.ThirdPersonExampleMap_C' with ClassGeneratedBy '/Game/ThirdPersonBP/Maps/ThirdPersonExampleMap.ThirdPersonExampleMap:PersistentLevel.ThirdPersonExampleMap'
[2017.10.13-13.05.59:036][559]Cmd: QUIT_EDITOR
[2017.10.13-13.05.59:825][559]LogExit: Preparing to exit.
[2017.10.13-13.06.00:270][559]LogDirectoryWatcher: A directory notification for 'C:/Users/Leszek/Documents/Unreal Projects/BluePrintLesson1/Content/' was aborted.
[2017.10.13-13.06.00:441][559]LogExit: Editor shut down
[2017.10.13-13.06.00:472][559]LogExit: Transaction tracking system shut down
[2017.10.13-13.06.00:806][559]LogDirectoryWatcher: A directory notification for '../../../Engine/Content/' was aborted.
[2017.10.13-13.06.00:806][559]LogDirectoryWatcher: A directory notification for '../../../../../../Users/Leszek/Documents/Unreal Projects/BluePrintLesson1/Content/' was aborted.
[2017.10.13-13.06.00:806][559]LogDirectoryWatcher: A directory notification for '../../../Engine/Plugins/2D/Paper2D/Content/' was aborted.
[2017.10.13-13.06.00:807][559]LogDirectoryWatcher: A directory notification for '../../../Engine/Plugins/Runtime/Oculus/OculusVR/Content/' was aborted.
[2017.10.13-13.06.00:807][559]LogDirectoryWatcher: A directory notification for '../../../Engine/Plugins/Runtime/Steam/SteamVR/Content/' was aborted.
[2017.10.13-13.06.00:977][559]LogExit: Object subsystem successfully closed.
[2017.10.13-13.06.01:015][559]LogD3D11RHI: Shutdown
[2017.10.13-13.06.01:015][559]LogD3D11RHI: CleanupD3DDevice
[2017.10.13-13.06.01:347][559]LogD3D11RHI: ~FD3D11DynamicRHI
[2017.10.13-13.06.01:375][559]LogModuleManager: Shutting down and abandoning module BlueprintGraph (536)
[2017.10.13-13.06.01:375][559]LogModuleManager: Shutting down and abandoning module BlueprintProfiler (534)
[2017.10.13-13.06.01:375][559]LogModuleManager: Shutting down and abandoning module MovieSceneCapture (532)
[2017.10.13-13.06.01:375][559]LogModuleManager: Shutting down and abandoning module HierarchicalLODOutliner (530)
[2017.10.13-13.06.01:375][559]LogModuleManager: Shutting down and abandoning module SceneOutliner (528)
[2017.10.13-13.06.01:375][559]LogModuleManager: Shutting down and abandoning module AddContentDialog (526)
[2017.10.13-13.06.01:375][559]LogDirectoryWatcher: A directory notification for 'C:/Program Files/Epic Games/UE_4.17/FeaturePacks/' was aborted.
[2017.10.13-13.06.01:380][559]LogModuleManager: Shutting down and abandoning module WidgetCarousel (525)
[2017.10.13-13.06.01:380][559]LogModuleManager: Shutting down and abandoning module EditorWidgets (522)
[2017.10.13-13.06.01:380][559]LogModuleManager: Shutting down and abandoning module CollectionManager (520)
[2017.10.13-13.06.01:380][559]LogDirectoryWatcher: A directory notification for 'C:/Users/Leszek/Documents/Unreal Projects/BluePrintLesson1/Content/Collections/' was aborted.
[2017.10.13-13.06.01:380][559]LogDirectoryWatcher: A directory notification for 'C:/Users/Leszek/Documents/Unreal Projects/BluePrintLesson1/Content/Developers/Leszek/Collections/' was aborted.
[2017.10.13-13.06.01:380][559]LogDirectoryWatcher: A directory notification for 'C:/Users/Leszek/Documents/Unreal Projects/BluePrintLesson1/Saved/Collections/' was aborted.
[2017.10.13-13.06.01:380][559]LogModuleManager: Shutting down and abandoning module StatsViewer (518)
[2017.10.13-13.06.01:380][559]LogModuleManager: Shutting down and abandoning module FoliageEdit (516)
[2017.10.13-13.06.01:380][559]LogModuleManager: Shutting down and abandoning module LandscapeEditor (514)
[2017.10.13-13.06.01:380][559]LogModuleManager: Shutting down and abandoning module MeshPaintMode (512)
[2017.10.13-13.06.01:380][559]LogModuleManager: Shutting down and abandoning module SceneDepthPickerMode (510)
[2017.10.13-13.06.01:380][559]LogModuleManager: Shutting down and abandoning module ActorPickerMode (508)
[2017.10.13-13.06.01:380][559]LogModuleManager: Shutting down and abandoning module GeometryMode (506)
[2017.10.13-13.06.01:380][559]LogModuleManager: Shutting down and abandoning module TextureAlignMode (504)
[2017.10.13-13.06.01:380][559]LogModuleManager: Shutting down and abandoning module BspMode (502)
[2017.10.13-13.06.01:380][559]LogModuleManager: Shutting down and abandoning module PIEPreviewDeviceProfileSelector (500)
[2017.10.13-13.06.01:380][559]LogModuleManager: Shutting down and abandoning module HardwareSurvey (498)
[2017.10.13-13.06.01:380][559]LogModuleManager: Shutting down and abandoning module SequenceRecorderSections (496)
[2017.10.13-13.06.01:380][559]LogModuleManager: Shutting down and abandoning module AutomationWorker (494)
[2017.10.13-13.06.01:380][559]LogModuleManager: Shutting down and abandoning module MatineeToLevelSequence (492)
[2017.10.13-13.06.01:380][559]LogModuleManager: Shutting down and abandoning module LevelSequenceEditor (490)
[2017.10.13-13.06.01:380][559]LogModuleManager: Shutting down and abandoning module PlacementMode (489)
[2017.10.13-13.06.01:380][559]LogModuleManager: Shutting down and abandoning module WmfMediaFactory (486)
[2017.10.13-13.06.01:380][559]LogModuleManager: Shutting down and abandoning module WmfMediaEditor (484)
[2017.10.13-13.06.01:380][559]LogModuleManager: Shutting down and abandoning module AvfMediaFactory (482)
[2017.10.13-13.06.01:380][559]LogModuleManager: Shutting down and abandoning module AvfMediaEditor (480)
[2017.10.13-13.06.01:380][559]LogModuleManager: Shutting down and abandoning module AndroidMediaFactory (478)
[2017.10.13-13.06.01:380][559]LogModuleManager: Shutting down and abandoning module Media (477)
[2017.10.13-13.06.01:380][559]LogModuleManager: Shutting down and abandoning module AndroidMediaEditor (474)
[2017.10.13-13.06.01:380][559]LogModuleManager: Shutting down and abandoning module CharacterAI (472)
[2017.10.13-13.06.01:380][559]LogModuleManager: Shutting down and abandoning module AudioCapture (470)
[2017.10.13-13.06.01:380][559]LogModuleManager: Shutting down and abandoning module SequenceRecorder (469)
[2017.10.13-13.06.01:381][559]LogModuleManager: Shutting down and abandoning module SmartSnapping (466)
[2017.10.13-13.06.01:381][559]LogModuleManager: Shutting down and abandoning module SessionServices (464)
[2017.10.13-13.06.01:381][559]LogModuleManager: Shutting down and abandoning module ViewportSnapping (462)
[2017.10.13-13.06.01:381][559]LogModuleManager: Shutting down and abandoning module ViewportInteraction (460)
[2017.10.13-13.06.01:381][559]LogModuleManager: Shutting down and abandoning module ClothPainter (458)
[2017.10.13-13.06.01:381][559]LogModuleManager: Shutting down and abandoning module LogVisualizer (456)
[2017.10.13-13.06.01:381][559]LogModuleManager: Shutting down and abandoning module IntroTutorials (454)
[2017.10.13-13.06.01:381][559]LogModuleManager: Shutting down and abandoning module GameProjectGeneration (453)
[2017.10.13-13.06.01:381][559]LogModuleManager: Shutting down and abandoning module IOSPlatformEditor (450)
[2017.10.13-13.06.01:381][559]LogModuleManager: Shutting down and abandoning module HTML5PlatformEditor (448)
[2017.10.13-13.06.01:381][559]LogModuleManager: Shutting down and abandoning module AndroidPlatformEditor (446)
[2017.10.13-13.06.01:381][559]LogModuleManager: Shutting down and abandoning module AndroidDeviceDetection (445)
[2017.10.13-13.06.01:800][559]LogModuleManager: Shutting down and abandoning module WindowsPlatformEditor (442)
[2017.10.13-13.06.01:800][559]LogModuleManager: Shutting down and abandoning module IOSRuntimeSettings (440)
[2017.10.13-13.06.01:800][559]LogModuleManager: Shutting down and abandoning module AndroidRuntimeSettings (438)
[2017.10.13-13.06.01:800][559]LogModuleManager: Shutting down and abandoning module InputBindingEditor (436)
[2017.10.13-13.06.01:800][559]LogModuleManager: Shutting down and abandoning module MergeActors (434)
[2017.10.13-13.06.01:800][559]LogModuleManager: Shutting down and abandoning module SizeMap (432)
[2017.10.13-13.06.01:800][559]LogModuleManager: Shutting down and abandoning module TreeMap (430)
[2017.10.13-13.06.01:800][559]LogModuleManager: Shutting down and abandoning module ReferenceViewer (428)
[2017.10.13-13.06.01:800][559]LogModuleManager: Shutting down and abandoning module LocalizationDashboard (426)
[2017.10.13-13.06.01:800][559]LogModuleManager: Shutting down and abandoning module LocalizationService (425)
[2017.10.13-13.06.01:800][559]LogModuleManager: Shutting down and abandoning module HardwareTargeting (422)
[2017.10.13-13.06.01:800][559]LogModuleManager: Shutting down and abandoning module DeviceProfileEditor (420)
[2017.10.13-13.06.01:801][559]LogModuleManager: Shutting down and abandoning module UndoHistory (418)
[2017.10.13-13.06.01:801][559]LogModuleManager: Shutting down and abandoning module XmlParser (416)
[2017.10.13-13.06.01:801][559]LogModuleManager: Shutting down and abandoning module Blutility (414)
[2017.10.13-13.06.01:801][559]LogModuleManager: Shutting down and abandoning module ProjectSettingsViewer (412)
[2017.10.13-13.06.01:801][559]LogModuleManager: Shutting down and abandoning module ProjectTargetPlatformEditor (411)
[2017.10.13-13.06.01:802][559]LogModuleManager: Shutting down and abandoning module EditorSettingsViewer (408)
[2017.10.13-13.06.01:802][559]LogModuleManager: Shutting down and abandoning module SettingsEditor (406)
[2017.10.13-13.06.01:802][559]LogModuleManager: Shutting down and abandoning module ProjectLauncher (404)
[2017.10.13-13.06.01:802][559]LogModuleManager: Shutting down and abandoning module SessionFrontend (402)
[2017.10.13-13.06.01:802][559]LogModuleManager: Shutting down and abandoning module ProfilerClient (400)
[2017.10.13-13.06.01:802][559]LogModuleManager: Shutting down and abandoning module DeviceManager (398)
[2017.10.13-13.06.01:802][559]LogModuleManager: Shutting down and abandoning module TargetDeviceServices (397)
[2017.10.13-13.06.01:858][559]LogModuleManager: Shutting down and abandoning module AutomationController (394)
[2017.10.13-13.06.01:858][559]LogModuleManager: Shutting down and abandoning module AutomationWindow (392)
[2017.10.13-13.06.01:858][559]LogModuleManager: Shutting down and abandoning module Layers (390)
[2017.10.13-13.06.01:858][559]LogModuleManager: Shutting down and abandoning module ComponentVisualizers (388)
[2017.10.13-13.06.01:858][559]LogModuleManager: Shutting down and abandoning module DetailCustomizations (386)
[2017.10.13-13.06.01:858][559]LogModuleManager: Shutting down and abandoning module PackagesDialog (384)
[2017.10.13-13.06.01:859][559]LogModuleManager: Shutting down and abandoning module Persona (382)
[2017.10.13-13.06.01:859][559]LogModuleManager: Shutting down and abandoning module AdvancedPreviewScene (381)
[2017.10.13-13.06.01:859][559]LogModuleManager: Shutting down and abandoning module AnimGraph (379)
[2017.10.13-13.06.01:859][559]LogModuleManager: Shutting down and abandoning module Kismet (376)
[2017.10.13-13.06.01:880][559]LogModuleManager: Shutting down and abandoning module ClassViewer (374)
[2017.10.13-13.06.01:880][559]LogModuleManager: Shutting down and abandoning module Toolbox (372)
[2017.10.13-13.06.01:881][559]LogModuleManager: Shutting down and abandoning module ModuleUI (370)
[2017.10.13-13.06.01:881][559]LogModuleManager: Shutting down and abandoning module MovieSceneTools (368)
[2017.10.13-13.06.01:881][559]LogModuleManager: Shutting down and abandoning module OutputLog (366)
[2017.10.13-13.06.01:881][559]LogModuleManager: Shutting down and abandoning module GammaUI (364)
[2017.10.13-13.06.01:881][559]LogModuleManager: Shutting down and abandoning module Documentation (362)
[2017.10.13-13.06.01:881][559]LogModuleManager: Shutting down and abandoning module MovieSceneTracks (360)
[2017.10.13-13.06.01:881][559]LogModuleManager: Shutting down and abandoning module MovieScene (358)
[2017.10.13-13.06.01:881][559]LogModuleManager: Shutting down and abandoning module Niagara (356)
[2017.10.13-13.06.01:881][559]LogModuleManager: Shutting down and abandoning module NiagaraEditor (355)
[2017.10.13-13.06.01:882][559]LogModuleManager: Shutting down and abandoning module StreamingPauseRendering (352)
[2017.10.13-13.06.01:882][559]LogModuleManager: Shutting down and abandoning module LauncherPlatform (350)
[2017.10.13-13.06.01:882][559]LogModuleManager: Shutting down and abandoning module AnalyticsET (348)
[2017.10.13-13.06.01:882][559]LogModuleManager: Shutting down and abandoning module PortalServices (346)
[2017.10.13-13.06.01:882][559]LogModuleManager: Shutting down and abandoning module PortalRpc (344)
[2017.10.13-13.06.01:882][559]LogModuleManager: Shutting down and abandoning module MessagingRpc (342)
[2017.10.13-13.06.01:882][559]LogModuleManager: Shutting down and abandoning module AIModule (340)
[2017.10.13-13.06.01:882][559]LogModuleManager: Shutting down and abandoning module GameplayDebugger (339)
[2017.10.13-13.06.01:882][559]LogModuleManager: Shutting down and abandoning module AITestSuite (337)
[2017.10.13-13.06.01:882][559]LogModuleManager: Shutting down and abandoning module ProfilerService (334)
[2017.10.13-13.06.01:938][559]LogModuleManager: Shutting down and abandoning module TaskGraph (332)
[2017.10.13-13.06.01:938][559]LogModuleManager: Shutting down and abandoning module SteamVRController (330)
[2017.10.13-13.06.01:938][559]LogModuleManager: Shutting down and abandoning module ProceduralMeshComponentEditor (328)
[2017.10.13-13.06.01:938][559]LogModuleManager: Shutting down and abandoning module ProceduralMeshComponent (326)
[2017.10.13-13.06.01:938][559]LogModuleManager: Shutting down and abandoning module OculusInput (324)
[2017.10.13-13.06.01:938][559]LogModuleManager: Shutting down and abandoning module MobilePatchingUtils (322)
[2017.10.13-13.06.01:938][559]LogModuleManager: Shutting down and abandoning module CustomMeshComponent (320)
[2017.10.13-13.06.01:938][559]LogModuleManager: Shutting down and abandoning module CableComponent (318)
[2017.10.13-13.06.01:938][559]LogModuleManager: Shutting down and abandoning module ArchVisCharacter (316)
[2017.10.13-13.06.01:938][559]LogModuleManager: Shutting down and abandoning module AndroidPermission (314)
[2017.10.13-13.06.01:938][559]LogModuleManager: Shutting down and abandoning module MediaPlayerEditor (310)
[2017.10.13-13.06.01:938][559]LogModuleManager: Shutting down and abandoning module HTML5Networking (308)
[2017.10.13-13.06.01:938][559]LogModuleManager: Shutting down and abandoning module AlembicImporter (306)
[2017.10.13-13.06.01:938][559]LogModuleManager: Shutting down and abandoning module AlembicLibrary (305)
[2017.10.13-13.06.01:938][559]LogModuleManager: Shutting down and abandoning module GeometryCache (304)
[2017.10.13-13.06.01:938][559]LogModuleManager: Shutting down and abandoning module GeometryCacheEd (303)
[2017.10.13-13.06.01:938][559]LogModuleManager: Shutting down and abandoning module SpeedTreeImporter (298)
[2017.10.13-13.06.01:938][559]LogModuleManager: Shutting down and abandoning module PluginBrowser (296)
[2017.10.13-13.06.01:938][559]LogModuleManager: Shutting down and abandoning module MobileLauncherProfileWizard (294)
[2017.10.13-13.06.01:938][559]LogModuleManager: Shutting down and abandoning module VisualStudioSourceCodeAccess (292)
[2017.10.13-13.06.01:938][559]LogModuleManager: Shutting down and abandoning module DesktopPlatform (291)
[2017.10.13-13.06.01:939][559]LogModuleManager: Shutting down and abandoning module UObjectPlugin (288)
[2017.10.13-13.06.01:939][559]LogModuleManager: Shutting down and abandoning module SubversionSourceControl (286)
[2017.10.13-13.06.01:939][559]LogModuleManager: Shutting down and abandoning module PerforceSourceControl (284)
[2017.10.13-13.06.01:939][559]LogModuleManager: Shutting down and abandoning module GitSourceControl (282)
[2017.10.13-13.06.01:939][559]LogModuleManager: Shutting down and abandoning module SourceControl (281)
[2017.10.13-13.06.01:939][559]LogModuleManager: Shutting down and abandoning module LightPropagationVolumeEditor (278)
[2017.10.13-13.06.01:939][559]LogModuleManager: Shutting down and abandoning module PaperTiledImporter (276)
[2017.10.13-13.06.01:939][559]LogModuleManager: Shutting down and abandoning module PaperSpriteSheetImporter (274)
[2017.10.13-13.06.01:939][559]LogModuleManager: Shutting down and abandoning module Paper2DEditor (272)
[2017.10.13-13.06.01:939][559]LogModuleManager: Shutting down and abandoning module MeshPaint (271)
[2017.10.13-13.06.01:939][559]LogModuleManager: Shutting down and abandoning module LevelEditor (269)
[2017.10.13-13.06.01:941][559]LogModuleManager: Shutting down and abandoning module PixelInspectorModule (268)
[2017.10.13-13.06.01:941][559]LogModuleManager: Shutting down and abandoning module MainFrame (266)
[2017.10.13-13.06.01:941][559]LogModuleManager: Shutting down and abandoning module HotReload (265)
[2017.10.13-13.06.01:941][559]LogModuleManager: Shutting down and abandoning module RuntimePhysXCooking (260)
[2017.10.13-13.06.01:941][559]LogModuleManager: Shutting down and abandoning module PhysXVehiclesEditor (258)
[2017.10.13-13.06.01:941][559]LogModuleManager: Shutting down and abandoning module PhysXVehicles (256)
[2017.10.13-13.06.01:942][559]LogModuleManager: Shutting down and abandoning module OculusEditor (254)
[2017.10.13-13.06.01:942][559]LogModuleManager: Shutting down and abandoning module LocationServicesBPLibrary (252)
[2017.10.13-13.06.01:942][559]LogModuleManager: Shutting down and abandoning module ImmediatePhysicsEditor (250)
[2017.10.13-13.06.01:942][559]LogModuleManager: Shutting down and abandoning module ImmediatePhysics (248)
[2017.10.13-13.06.01:942][559]LogModuleManager: Shutting down and abandoning module UdpMessaging (246)
[2017.10.13-13.06.02:043][559]LogModuleManager: Shutting down and abandoning module TcpMessaging (244)
[2017.10.13-13.06.02:143][559]LogModuleManager: Shutting down and abandoning module GameplayTagsEditor (242)
[2017.10.13-13.06.02:143][559]LogModuleManager: Shutting down and abandoning module FacialAnimationEditor (240)
[2017.10.13-13.06.02:143][559]LogModuleManager: Shutting down and abandoning module FacialAnimation (238)
[2017.10.13-13.06.02:143][559]LogModuleManager: Shutting down and abandoning module AssetManagerEditor (236)
[2017.10.13-13.06.02:143][559]LogModuleManager: Shutting down and abandoning module GraphEditor (235)
[2017.10.13-13.06.02:143][559]LogModuleManager: Shutting down and abandoning module ContentBrowser (233)
[2017.10.13-13.06.02:147][559]LogModuleManager: Shutting down and abandoning module LightPropagationVolumeRuntime (230)
[2017.10.13-13.06.02:147][559]LogModuleManager: Shutting down and abandoning module Paper2D (228)
[2017.10.13-13.06.02:147][559]LogModuleManager: Shutting down and abandoning module WindowsMoviePlayer (226)
[2017.10.13-13.06.02:147][559]LogModuleManager: Shutting down and abandoning module WmfMedia (224)
[2017.10.13-13.06.02:147][559]LogModuleManager: Shutting down and abandoning module PacketHandler (222)
[2017.10.13-13.06.02:147][559]LogModuleManager: Shutting down and abandoning module ClothingSystemEditor (220)
[2017.10.13-13.06.02:147][559]LogModuleManager: Shutting down and abandoning module ClothingSystemRuntime (218)
[2017.10.13-13.06.02:148][559]LogModuleManager: Shutting down and abandoning module Overlay (216)
[2017.10.13-13.06.02:148][559]LogModuleManager: Shutting down and abandoning module OverlayEditor (215)
[2017.10.13-13.06.02:148][559]LogModuleManager: Shutting down and abandoning module MediaAssets (212)
[2017.10.13-13.06.02:148][559]LogModuleManager: Shutting down and abandoning module VREditor (210)
[2017.10.13-13.06.02:148][559]LogModuleManager: Shutting down and abandoning module StringTableEditor (208)
[2017.10.13-13.06.02:148][559]LogModuleManager: Shutting down and abandoning module GameplayTasksEditor (206)
[2017.10.13-13.06.02:148][559]LogModuleManager: Shutting down and abandoning module BehaviorTreeEditor (204)
[2017.10.13-13.06.02:148][559]LogModuleManager: Shutting down and abandoning module FunctionalTesting (202)
[2017.10.13-13.06.02:148][559]LogModuleManager: Shutting down and abandoning module CollisionAnalyzer (200)
[2017.10.13-13.06.02:148][559]LogModuleManager: Shutting down and abandoning module WorkspaceMenuStructure (199)
[2017.10.13-13.06.02:148][559]LogModuleManager: Shutting down and abandoning module UMG (196)
[2017.10.13-13.06.02:148][559]LogModuleManager: Shutting down and abandoning module UMGEditor (195)
[2017.10.13-13.06.02:148][559]LogModuleManager: Shutting down and abandoning module Sequencer (194)
[2017.10.13-13.06.02:148][559]LogModuleManager: Shutting down and abandoning module MessageLog (191)
[2017.10.13-13.06.02:148][559]LogModuleManager: Shutting down and abandoning module SlateReflector (186)
[2017.10.13-13.06.02:149][559]LogModuleManager: Shutting down and abandoning module Slate (184)
[2017.10.13-13.06.02:149][559]LogModuleManager: Shutting down and abandoning module EditorStyle (182)
[2017.10.13-13.06.02:156][559]LogModuleManager: Shutting down and abandoning module MRMesh (180)
[2017.10.13-13.06.02:156][559]LogModuleManager: Shutting down and abandoning module SourceCodeAccess (178)
[2017.10.13-13.06.02:156][559]LogModuleManager: Shutting down and abandoning module HeadMountedDisplay (176)
[2017.10.13-13.06.02:156][559]LogModuleManager: Shutting down and abandoning module XAudio2 (174)
[2017.10.13-13.06.02:156][559]LogModuleManager: Shutting down and abandoning module Networking (172)
[2017.10.13-13.06.02:156][559]LogModuleManager: Shutting down and abandoning module Core (168)
[2017.10.13-13.06.02:156][559]LogModuleManager: Shutting down and abandoning module KismetCompiler (164)
[2017.10.13-13.06.02:156][559]LogModuleManager: Shutting down and abandoning module LevelSequence (162)
[2017.10.13-13.06.02:156][559]LogModuleManager: Shutting down and abandoning module MeshUtilities (160)
[2017.10.13-13.06.02:156][559]LogModuleManager: Shutting down and abandoning module MeshMergeUtilities (159)
[2017.10.13-13.06.02:156][559]LogModuleManager: Shutting down and abandoning module MeshReductionInterface (158)
[2017.10.13-13.06.02:156][559]LogModuleManager: Shutting down and abandoning module SimplygonSwarm (157)
[2017.10.13-13.06.02:156][559]LogModuleManager: Shutting down and abandoning module SimplygonMeshReduction (155)
[2017.10.13-13.06.02:156][559]LogModuleManager: Shutting down and abandoning module QuadricMeshReduction (153)
[2017.10.13-13.06.02:156][559]LogModuleManager: Shutting down and abandoning module MaterialBaking (149)
[2017.10.13-13.06.02:156][559]LogModuleManager: Shutting down and abandoning module DirectoryWatcher (146)
[2017.10.13-13.06.02:168][559]LogModuleManager: Shutting down and abandoning module DerivedDataCache (144)
[2017.10.13-13.06.02:216][559]LogDerivedDataCache: Shutdown
[2017.10.13-13.06.02:216][559]LogModuleManager: Shutting down and abandoning module TargetPlatform (142)
[2017.10.13-13.06.02:217][559]LogModuleManager: Shutting down and abandoning module VulkanShaderFormat (141)
[2017.10.13-13.06.02:217][559]LogModuleManager: Shutting down and abandoning module ShaderFormatVectorVM (139)
[2017.10.13-13.06.02:217][559]LogModuleManager: Shutting down and abandoning module ShaderFormatOpenGL (137)
[2017.10.13-13.06.02:217][559]LogModuleManager: Shutting down and abandoning module ShaderFormatD3D (135)
[2017.10.13-13.06.02:217][559]LogModuleManager: Shutting down and abandoning module MetalShaderFormat (133)
[2017.10.13-13.06.02:217][559]LogModuleManager: Shutting down and abandoning module TextureFormatUncompressed (131)
[2017.10.13-13.06.02:217][559]LogModuleManager: Shutting down and abandoning module TextureFormatPVR (129)
[2017.10.13-13.06.02:217][559]LogModuleManager: Shutting down and abandoning module TextureFormatDXT (127)
[2017.10.13-13.06.02:217][559]LogModuleManager: Shutting down and abandoning module TextureFormatIntelISPCTexComp (125)
[2017.10.13-13.06.02:217][559]LogModuleManager: Shutting down and abandoning module TextureFormatASTC (123)
[2017.10.13-13.06.02:217][559]LogModuleManager: Shutting down and abandoning module ImageWrapper (122)
[2017.10.13-13.06.02:217][559]LogModuleManager: Shutting down and abandoning module TextureFormatAndroid (119)
[2017.10.13-13.06.02:217][559]LogModuleManager: Shutting down and abandoning module AudioFormatOpus (117)
[2017.10.13-13.06.02:217][559]LogModuleManager: Shutting down and abandoning module AudioFormatOgg (115)
[2017.10.13-13.06.02:217][559]LogModuleManager: Shutting down and abandoning module AudioFormatADPCM (113)
[2017.10.13-13.06.02:217][559]LogModuleManager: Shutting down and abandoning module LinuxTargetPlatform (111)
[2017.10.13-13.06.02:217][559]LogModuleManager: Shutting down and abandoning module LinuxServerTargetPlatform (109)
[2017.10.13-13.06.02:217][559]LogModuleManager: Shutting down and abandoning module LinuxNoEditorTargetPlatform (107)
[2017.10.13-13.06.02:217][559]LogModuleManager: Shutting down and abandoning module LinuxClientTargetPlatform (105)
[2017.10.13-13.06.02:217][559]LogModuleManager: Shutting down and abandoning module TVOSTargetPlatform (103)
[2017.10.13-13.06.02:217][559]LogModuleManager: Shutting down and abandoning module Messaging (101)
[2017.10.13-13.06.02:217][559]LogModuleManager: Shutting down and abandoning module IOSTargetPlatform (99)
[2017.10.13-13.06.02:217][559]LogModuleManager: Shutting down and abandoning module HTML5TargetPlatform (97)
[2017.10.13-13.06.02:217][559]LogModuleManager: Shutting down and abandoning module Android_PVRTCTargetPlatform (95)
[2017.10.13-13.06.02:217][559]LogModuleManager: Shutting down and abandoning module Android_MultiTargetPlatform (93)
[2017.10.13-13.06.02:217][559]LogModuleManager: Shutting down and abandoning module Android_ETC2TargetPlatform (91)
[2017.10.13-13.06.02:217][559]LogModuleManager: Shutting down and abandoning module Android_ETC1TargetPlatform (89)
[2017.10.13-13.06.02:217][559]LogModuleManager: Shutting down and abandoning module Android_DXTTargetPlatform (87)
[2017.10.13-13.06.02:217][559]LogModuleManager: Shutting down and abandoning module Android_ATCTargetPlatform (85)
[2017.10.13-13.06.02:217][559]LogModuleManager: Shutting down and abandoning module Android_ASTCTargetPlatform (83)
[2017.10.13-13.06.02:217][559]LogModuleManager: Shutting down and abandoning module AndroidTargetPlatform (81)
[2017.10.13-13.06.02:217][559]LogModuleManager: Shutting down and abandoning module WindowsTargetPlatform (79)
[2017.10.13-13.06.02:217][559]LogModuleManager: Shutting down and abandoning module WindowsServerTargetPlatform (77)
[2017.10.13-13.06.02:217][559]LogModuleManager: Shutting down and abandoning module WindowsNoEditorTargetPlatform (75)
[2017.10.13-13.06.02:217][559]LogModuleManager: Shutting down and abandoning module WindowsClientTargetPlatform (73)
[2017.10.13-13.06.02:218][559]LogModuleManager: Shutting down and abandoning module MacTargetPlatform (71)
[2017.10.13-13.06.02:218][559]LogModuleManager: Shutting down and abandoning module MacServerTargetPlatform (69)
[2017.10.13-13.06.02:218][559]LogModuleManager: Shutting down and abandoning module MacNoEditorTargetPlatform (67)
[2017.10.13-13.06.02:218][559]LogModuleManager: Shutting down and abandoning module MacClientTargetPlatform (65)
[2017.10.13-13.06.02:218][559]LogModuleManager: Shutting down and abandoning module AllDesktopTargetPlatform (63)
[2017.10.13-13.06.02:218][559]LogModuleManager: Shutting down and abandoning module InputCore (60)
[2017.10.13-13.06.02:218][559]LogModuleManager: Shutting down and abandoning module Settings (58)
[2017.10.13-13.06.02:218][559]LogModuleManager: Shutting down and abandoning module PhysXCooking (56)
[2017.10.13-13.06.02:218][559]LogModuleManager: Shutting down and abandoning module SteamVR (54)
[2017.10.13-13.06.02:218][559]LogModuleManager: Shutting down and abandoning module OculusHMD (52)
[2017.10.13-13.06.02:218][559]LogModuleManager: Shutting down and abandoning module ExampleDeviceProfileSelector (50)
[2017.10.13-13.06.02:218][559]LogModuleManager: Shutting down and abandoning module OnlineBlueprintSupport (48)
[2017.10.13-13.06.02:218][559]LogModuleManager: Shutting down and abandoning module OnlineSubsystem (44)
[2017.10.13-13.06.02:218][559]LogOnline: Display: Unloading online subsystem: NULL
[2017.10.13-13.06.02:218][559]LogModuleManager: Shutting down and abandoning module XMPP (43)
[2017.10.13-13.06.02:218][559]LogModuleManager: Shutting down and abandoning module HTTP (41)
[2017.10.13-13.06.02:218][559]LogHttp: Display: Http module shutting down, but needs to wait on 1 outstanding Http requests:
[2017.10.13-13.06.02:218][559]LogHttp: Display: 	verb=[POST] url=[https://datarouter.ol.epicgames.com/datarouter/api/v1/public/data?SessionID=%7B140B1186-47E3-AF36-56B3-DFA2AA33F151%7D&AppID=UEEditor.Rocket.Release&AppVersion=4.17.2-3658906%2B%2B%2BUE4%2BRelease-4.17&UserID=a202bbab4bfb72a6c72ab59bf5105770%7Ca6b7376151474e159cf10430cd50646e%7C20bc636a-a4d7-41a8-a2dc-7238c7cddcf0&AppEnvironment=datacollector-binary&UploadType=eteventstream] status=Processing
[2017.10.13-13.06.02:235][559]LogModuleManager: Shutting down and abandoning module SSL (40)
[2017.10.13-13.06.02:238][559]LogModuleManager: Shutting down and abandoning module AnimationModifiers (36)
[2017.10.13-13.06.02:238][559]LogModuleManager: Shutting down and abandoning module PropertyEditor (35)
[2017.10.13-13.06.02:238][559]LogModuleManager: Shutting down and abandoning module AudioEditor (32)
[2017.10.13-13.06.02:238][559]LogModuleManager: Shutting down and abandoning module TextureCompressor (30)
[2017.10.13-13.06.02:238][559]LogModuleManager: Shutting down and abandoning module ShaderCore (28)
[2017.10.13-13.06.02:238][559]LogModuleManager: Shutting down and abandoning module Landscape (26)
[2017.10.13-13.06.02:238][559]LogModuleManager: Shutting down and abandoning module SlateRHIRenderer (24)
[2017.10.13-13.06.02:244][559]LogModuleManager: Shutting down and abandoning module OpenGLDrv (22)
[2017.10.13-13.06.02:244][559]LogModuleManager: Shutting down and abandoning module D3D11RHI (20)
[2017.10.13-13.06.02:244][559]LogModuleManager: Shutting down and abandoning module AnimGraphRuntime (18)
[2017.10.13-13.06.02:244][559]LogModuleManager: Shutting down and abandoning module Renderer (16)
[2017.10.13-13.06.02:244][559]LogModuleManager: Shutting down and abandoning module Engine (14)
[2017.10.13-13.06.02:244][559]LogModuleManager: Shutting down and abandoning module CoreUObject (12)
[2017.10.13-13.06.02:244][559]LogModuleManager: Shutting down and abandoning module NetworkFile (10)
[2017.10.13-13.06.02:244][559]LogModuleManager: Shutting down and abandoning module CookedIterativeFile (8)
[2017.10.13-13.06.02:244][559]LogModuleManager: Shutting down and abandoning module StreamingFile (6)
[2017.10.13-13.06.02:244][559]LogModuleManager: Shutting down and abandoning module SandboxFile (4)
[2017.10.13-13.06.02:244][559]LogModuleManager: Shutting down and abandoning module PakFile (2)
[2017.10.13-13.06.02:249][559]LogExit: Exiting.
[2017.10.13-13.06.02:267][559]Log file closed, 10/13/17 14:06:02
